{"C:\\Users\\imenb\\OneDrive\\Desktop\\ProjetIntegrateur\\Planify1\\routes.js": {"path":"C:\\Users\\imenb\\OneDrive\\Desktop\\ProjetIntegrateur\\Planify1\\routes.js","statementMap":{"0":{"start":{"line":68,"column":15},"end":{"line":68,"column":23}},"1":{"start":{"line":81,"column":0},"end":{"line":92,"column":3}},"2":{"start":{"line":82,"column":4},"end":{"line":91,"column":5}},"3":{"start":{"line":83,"column":8},"end":{"line":83,"column":115}},"4":{"start":{"line":84,"column":8},"end":{"line":84,"column":33}},"5":{"start":{"line":86,"column":8},"end":{"line":90,"column":9}},"6":{"start":{"line":87,"column":12},"end":{"line":87,"column":37}},"7":{"start":{"line":89,"column":12},"end":{"line":89,"column":24}},"8":{"start":{"line":95,"column":0},"end":{"line":113,"column":3}},"9":{"start":{"line":96,"column":4},"end":{"line":112,"column":23}},"10":{"start":{"line":97,"column":8},"end":{"line":97,"column":34}},"11":{"start":{"line":97,"column":17},"end":{"line":97,"column":34}},"12":{"start":{"line":98,"column":8},"end":{"line":98,"column":60}},"13":{"start":{"line":98,"column":26},"end":{"line":98,"column":60}},"14":{"start":{"line":100,"column":8},"end":{"line":111,"column":11}},"15":{"start":{"line":101,"column":12},"end":{"line":101,"column":38}},"16":{"start":{"line":101,"column":21},"end":{"line":101,"column":38}},"17":{"start":{"line":104,"column":12},"end":{"line":104,"column":55}},"18":{"start":{"line":105,"column":12},"end":{"line":105,"column":53}},"19":{"start":{"line":107,"column":12},"end":{"line":110,"column":15}},"20":{"start":{"line":116,"column":0},"end":{"line":127,"column":3}},"21":{"start":{"line":117,"column":4},"end":{"line":126,"column":7}},"22":{"start":{"line":118,"column":8},"end":{"line":125,"column":9}},"23":{"start":{"line":119,"column":12},"end":{"line":119,"column":25}},"24":{"start":{"line":122,"column":12},"end":{"line":122,"column":46}},"25":{"start":{"line":123,"column":12},"end":{"line":123,"column":45}},"26":{"start":{"line":124,"column":12},"end":{"line":124,"column":39}},"27":{"start":{"line":134,"column":0},"end":{"line":144,"column":3}},"28":{"start":{"line":135,"column":4},"end":{"line":143,"column":7}},"29":{"start":{"line":147,"column":0},"end":{"line":157,"column":3}},"30":{"start":{"line":148,"column":4},"end":{"line":156,"column":7}},"31":{"start":{"line":164,"column":0},"end":{"line":172,"column":3}},"32":{"start":{"line":165,"column":4},"end":{"line":171,"column":7}},"33":{"start":{"line":175,"column":0},"end":{"line":198,"column":3}},"34":{"start":{"line":176,"column":4},"end":{"line":197,"column":5}},"35":{"start":{"line":177,"column":22},"end":{"line":177,"column":38}},"36":{"start":{"line":178,"column":23},"end":{"line":178,"column":40}},"37":{"start":{"line":179,"column":28},"end":{"line":179,"column":50}},"38":{"start":{"line":180,"column":29},"end":{"line":180,"column":52}},"39":{"start":{"line":183,"column":23},"end":{"line":183,"column":71}},"40":{"start":{"line":183,"column":48},"end":{"line":183,"column":63}},"41":{"start":{"line":184,"column":29},"end":{"line":186,"column":15}},"42":{"start":{"line":188,"column":8},"end":{"line":194,"column":11}},"43":{"start":{"line":196,"column":8},"end":{"line":196,"column":86}},"44":{"start":{"line":201,"column":0},"end":{"line":209,"column":3}},"45":{"start":{"line":202,"column":4},"end":{"line":208,"column":7}},"46":{"start":{"line":212,"column":0},"end":{"line":220,"column":3}},"47":{"start":{"line":213,"column":4},"end":{"line":219,"column":7}},"48":{"start":{"line":223,"column":0},"end":{"line":231,"column":3}},"49":{"start":{"line":224,"column":4},"end":{"line":230,"column":7}},"50":{"start":{"line":234,"column":0},"end":{"line":242,"column":3}},"51":{"start":{"line":235,"column":4},"end":{"line":241,"column":7}},"52":{"start":{"line":245,"column":0},"end":{"line":253,"column":3}},"53":{"start":{"line":246,"column":4},"end":{"line":252,"column":7}},"54":{"start":{"line":256,"column":0},"end":{"line":264,"column":3}},"55":{"start":{"line":257,"column":4},"end":{"line":263,"column":7}},"56":{"start":{"line":267,"column":0},"end":{"line":275,"column":3}},"57":{"start":{"line":268,"column":4},"end":{"line":274,"column":7}},"58":{"start":{"line":278,"column":0},"end":{"line":286,"column":3}},"59":{"start":{"line":279,"column":4},"end":{"line":285,"column":7}},"60":{"start":{"line":293,"column":0},"end":{"line":305,"column":3}},"61":{"start":{"line":294,"column":4},"end":{"line":304,"column":5}},"62":{"start":{"line":295,"column":42},"end":{"line":295,"column":50}},"63":{"start":{"line":296,"column":21},"end":{"line":296,"column":60}},"64":{"start":{"line":297,"column":8},"end":{"line":297,"column":129}},"65":{"start":{"line":299,"column":8},"end":{"line":303,"column":9}},"66":{"start":{"line":300,"column":12},"end":{"line":300,"column":89}},"67":{"start":{"line":302,"column":12},"end":{"line":302,"column":92}},"68":{"start":{"line":308,"column":0},"end":{"line":315,"column":3}},"69":{"start":{"line":309,"column":4},"end":{"line":314,"column":5}},"70":{"start":{"line":310,"column":22},"end":{"line":310,"column":38}},"71":{"start":{"line":311,"column":8},"end":{"line":311,"column":36}},"72":{"start":{"line":313,"column":8},"end":{"line":313,"column":109}},"73":{"start":{"line":318,"column":0},"end":{"line":329,"column":3}},"74":{"start":{"line":319,"column":15},"end":{"line":319,"column":38}},"75":{"start":{"line":320,"column":4},"end":{"line":328,"column":5}},"76":{"start":{"line":321,"column":21},"end":{"line":321,"column":42}},"77":{"start":{"line":322,"column":8},"end":{"line":324,"column":9}},"78":{"start":{"line":323,"column":12},"end":{"line":323,"column":77}},"79":{"start":{"line":325,"column":8},"end":{"line":325,"column":35}},"80":{"start":{"line":327,"column":8},"end":{"line":327,"column":92}},"81":{"start":{"line":332,"column":0},"end":{"line":346,"column":3}},"82":{"start":{"line":333,"column":15},"end":{"line":333,"column":38}},"83":{"start":{"line":334,"column":4},"end":{"line":345,"column":5}},"84":{"start":{"line":335,"column":21},"end":{"line":335,"column":51}},"85":{"start":{"line":336,"column":8},"end":{"line":336,"column":82}},"86":{"start":{"line":338,"column":8},"end":{"line":344,"column":9}},"87":{"start":{"line":339,"column":12},"end":{"line":339,"column":59}},"88":{"start":{"line":340,"column":15},"end":{"line":344,"column":9}},"89":{"start":{"line":341,"column":12},"end":{"line":341,"column":74}},"90":{"start":{"line":343,"column":12},"end":{"line":343,"column":95}},"91":{"start":{"line":349,"column":0},"end":{"line":367,"column":3}},"92":{"start":{"line":350,"column":15},"end":{"line":350,"column":38}},"93":{"start":{"line":351,"column":21},"end":{"line":351,"column":29}},"94":{"start":{"line":353,"column":4},"end":{"line":355,"column":5}},"95":{"start":{"line":354,"column":8},"end":{"line":354,"column":107}},"96":{"start":{"line":357,"column":4},"end":{"line":366,"column":5}},"97":{"start":{"line":358,"column":21},"end":{"line":358,"column":47}},"98":{"start":{"line":359,"column":8},"end":{"line":359,"column":73}},"99":{"start":{"line":361,"column":8},"end":{"line":365,"column":9}},"100":{"start":{"line":362,"column":12},"end":{"line":362,"column":59}},"101":{"start":{"line":364,"column":12},"end":{"line":364,"column":102}},"102":{"start":{"line":370,"column":0},"end":{"line":382,"column":3}},"103":{"start":{"line":371,"column":15},"end":{"line":371,"column":38}},"104":{"start":{"line":372,"column":4},"end":{"line":381,"column":5}},"105":{"start":{"line":373,"column":8},"end":{"line":373,"column":29}},"106":{"start":{"line":374,"column":8},"end":{"line":374,"column":74}},"107":{"start":{"line":376,"column":8},"end":{"line":380,"column":9}},"108":{"start":{"line":377,"column":12},"end":{"line":377,"column":59}},"109":{"start":{"line":379,"column":12},"end":{"line":379,"column":95}},"110":{"start":{"line":389,"column":0},"end":{"line":400,"column":3}},"111":{"start":{"line":390,"column":4},"end":{"line":399,"column":5}},"112":{"start":{"line":391,"column":22},"end":{"line":391,"column":46}},"113":{"start":{"line":392,"column":8},"end":{"line":392,"column":73}},"114":{"start":{"line":394,"column":8},"end":{"line":398,"column":9}},"115":{"start":{"line":395,"column":12},"end":{"line":395,"column":81}},"116":{"start":{"line":397,"column":12},"end":{"line":397,"column":97}},"117":{"start":{"line":403,"column":0},"end":{"line":420,"column":3}},"118":{"start":{"line":404,"column":4},"end":{"line":419,"column":5}},"119":{"start":{"line":405,"column":41},"end":{"line":405,"column":50}},"120":{"start":{"line":408,"column":8},"end":{"line":414,"column":9}},"121":{"start":{"line":409,"column":12},"end":{"line":409,"column":57}},"122":{"start":{"line":410,"column":15},"end":{"line":414,"column":9}},"123":{"start":{"line":411,"column":12},"end":{"line":411,"column":57}},"124":{"start":{"line":413,"column":12},"end":{"line":413,"column":37}},"125":{"start":{"line":416,"column":8},"end":{"line":416,"column":36}},"126":{"start":{"line":418,"column":8},"end":{"line":418,"column":102}},"127":{"start":{"line":423,"column":0},"end":{"line":434,"column":3}},"128":{"start":{"line":424,"column":15},"end":{"line":424,"column":38}},"129":{"start":{"line":425,"column":4},"end":{"line":433,"column":5}},"130":{"start":{"line":426,"column":22},"end":{"line":426,"column":44}},"131":{"start":{"line":427,"column":8},"end":{"line":429,"column":9}},"132":{"start":{"line":428,"column":12},"end":{"line":428,"column":71}},"133":{"start":{"line":430,"column":8},"end":{"line":430,"column":36}},"134":{"start":{"line":432,"column":8},"end":{"line":432,"column":101}},"135":{"start":{"line":437,"column":0},"end":{"line":449,"column":3}},"136":{"start":{"line":438,"column":15},"end":{"line":438,"column":38}},"137":{"start":{"line":439,"column":4},"end":{"line":448,"column":5}},"138":{"start":{"line":440,"column":22},"end":{"line":440,"column":53}},"139":{"start":{"line":441,"column":8},"end":{"line":441,"column":77}},"140":{"start":{"line":443,"column":8},"end":{"line":447,"column":9}},"141":{"start":{"line":444,"column":12},"end":{"line":444,"column":59}},"142":{"start":{"line":446,"column":12},"end":{"line":446,"column":104}},"143":{"start":{"line":452,"column":0},"end":{"line":466,"column":3}},"144":{"start":{"line":453,"column":15},"end":{"line":453,"column":38}},"145":{"start":{"line":454,"column":4},"end":{"line":465,"column":5}},"146":{"start":{"line":455,"column":8},"end":{"line":455,"column":30}},"147":{"start":{"line":456,"column":8},"end":{"line":456,"column":68}},"148":{"start":{"line":458,"column":8},"end":{"line":464,"column":9}},"149":{"start":{"line":459,"column":12},"end":{"line":459,"column":59}},"150":{"start":{"line":460,"column":15},"end":{"line":464,"column":9}},"151":{"start":{"line":461,"column":12},"end":{"line":461,"column":59}},"152":{"start":{"line":463,"column":12},"end":{"line":463,"column":104}},"153":{"start":{"line":473,"column":0},"end":{"line":484,"column":3}},"154":{"start":{"line":474,"column":4},"end":{"line":483,"column":5}},"155":{"start":{"line":475,"column":27},"end":{"line":475,"column":56}},"156":{"start":{"line":476,"column":8},"end":{"line":476,"column":83}},"157":{"start":{"line":478,"column":8},"end":{"line":482,"column":9}},"158":{"start":{"line":479,"column":12},"end":{"line":479,"column":91}},"159":{"start":{"line":481,"column":12},"end":{"line":481,"column":102}},"160":{"start":{"line":487,"column":0},"end":{"line":502,"column":3}},"161":{"start":{"line":488,"column":4},"end":{"line":501,"column":5}},"162":{"start":{"line":489,"column":31},"end":{"line":489,"column":40}},"163":{"start":{"line":492,"column":8},"end":{"line":496,"column":9}},"164":{"start":{"line":493,"column":12},"end":{"line":493,"column":71}},"165":{"start":{"line":495,"column":12},"end":{"line":495,"column":49}},"166":{"start":{"line":498,"column":8},"end":{"line":498,"column":42}},"167":{"start":{"line":500,"column":8},"end":{"line":500,"column":108}},"168":{"start":{"line":505,"column":0},"end":{"line":516,"column":3}},"169":{"start":{"line":506,"column":46},"end":{"line":506,"column":55}},"170":{"start":{"line":507,"column":4},"end":{"line":509,"column":5}},"171":{"start":{"line":508,"column":8},"end":{"line":508,"column":99}},"172":{"start":{"line":510,"column":4},"end":{"line":515,"column":5}},"173":{"start":{"line":511,"column":23},"end":{"line":511,"column":109}},"174":{"start":{"line":512,"column":8},"end":{"line":512,"column":25}},"175":{"start":{"line":514,"column":8},"end":{"line":514,"column":55}},"176":{"start":{"line":519,"column":0},"end":{"line":530,"column":3}},"177":{"start":{"line":520,"column":15},"end":{"line":520,"column":38}},"178":{"start":{"line":521,"column":4},"end":{"line":529,"column":5}},"179":{"start":{"line":522,"column":27},"end":{"line":522,"column":54}},"180":{"start":{"line":523,"column":8},"end":{"line":525,"column":9}},"181":{"start":{"line":524,"column":12},"end":{"line":524,"column":76}},"182":{"start":{"line":526,"column":8},"end":{"line":526,"column":41}},"183":{"start":{"line":528,"column":8},"end":{"line":528,"column":106}},"184":{"start":{"line":533,"column":0},"end":{"line":564,"column":3}},"185":{"start":{"line":534,"column":15},"end":{"line":534,"column":38}},"186":{"start":{"line":535,"column":28},"end":{"line":535,"column":37}},"187":{"start":{"line":536,"column":4},"end":{"line":563,"column":5}},"188":{"start":{"line":537,"column":8},"end":{"line":539,"column":9}},"189":{"start":{"line":538,"column":12},"end":{"line":538,"column":73}},"190":{"start":{"line":540,"column":21},"end":{"line":540,"column":48}},"191":{"start":{"line":542,"column":29},"end":{"line":542,"column":107}},"192":{"start":{"line":543,"column":28},"end":{"line":543,"column":93}},"193":{"start":{"line":543,"column":53},"end":{"line":543,"column":92}},"194":{"start":{"line":544,"column":30},"end":{"line":544,"column":31}},"195":{"start":{"line":545,"column":8},"end":{"line":548,"column":11}},"196":{"start":{"line":546,"column":27},"end":{"line":546,"column":125}},"197":{"start":{"line":546,"column":80},"end":{"line":546,"column":104}},"198":{"start":{"line":546,"column":106},"end":{"line":546,"column":122}},"199":{"start":{"line":547,"column":12},"end":{"line":547,"column":44}},"200":{"start":{"line":550,"column":50},"end":{"line":550,"column":90}},"201":{"start":{"line":551,"column":23},"end":{"line":551,"column":62}},"202":{"start":{"line":552,"column":26},"end":{"line":552,"column":27}},"203":{"start":{"line":553,"column":8},"end":{"line":556,"column":11}},"204":{"start":{"line":554,"column":29},"end":{"line":554,"column":127}},"205":{"start":{"line":554,"column":82},"end":{"line":554,"column":106}},"206":{"start":{"line":554,"column":108},"end":{"line":554,"column":124}},"207":{"start":{"line":555,"column":12},"end":{"line":555,"column":42}},"208":{"start":{"line":557,"column":8},"end":{"line":560,"column":11}},"209":{"start":{"line":562,"column":8},"end":{"line":562,"column":96}},"210":{"start":{"line":567,"column":0},"end":{"line":579,"column":3}},"211":{"start":{"line":568,"column":15},"end":{"line":568,"column":38}},"212":{"start":{"line":569,"column":4},"end":{"line":578,"column":5}},"213":{"start":{"line":570,"column":27},"end":{"line":570,"column":63}},"214":{"start":{"line":571,"column":8},"end":{"line":571,"column":87}},"215":{"start":{"line":573,"column":8},"end":{"line":577,"column":9}},"216":{"start":{"line":574,"column":12},"end":{"line":574,"column":59}},"217":{"start":{"line":576,"column":12},"end":{"line":576,"column":109}},"218":{"start":{"line":582,"column":0},"end":{"line":596,"column":3}},"219":{"start":{"line":583,"column":15},"end":{"line":583,"column":38}},"220":{"start":{"line":584,"column":4},"end":{"line":595,"column":5}},"221":{"start":{"line":585,"column":8},"end":{"line":585,"column":35}},"222":{"start":{"line":586,"column":8},"end":{"line":586,"column":73}},"223":{"start":{"line":588,"column":8},"end":{"line":594,"column":9}},"224":{"start":{"line":589,"column":12},"end":{"line":589,"column":59}},"225":{"start":{"line":590,"column":15},"end":{"line":594,"column":9}},"226":{"start":{"line":591,"column":12},"end":{"line":591,"column":59}},"227":{"start":{"line":593,"column":12},"end":{"line":593,"column":109}},"228":{"start":{"line":603,"column":0},"end":{"line":614,"column":3}},"229":{"start":{"line":604,"column":4},"end":{"line":613,"column":5}},"230":{"start":{"line":605,"column":22},"end":{"line":605,"column":46}},"231":{"start":{"line":606,"column":8},"end":{"line":606,"column":74}},"232":{"start":{"line":608,"column":8},"end":{"line":612,"column":9}},"233":{"start":{"line":609,"column":12},"end":{"line":609,"column":82}},"234":{"start":{"line":611,"column":12},"end":{"line":611,"column":100}},"235":{"start":{"line":617,"column":0},"end":{"line":632,"column":3}},"236":{"start":{"line":618,"column":4},"end":{"line":631,"column":5}},"237":{"start":{"line":619,"column":25},"end":{"line":619,"column":34}},"238":{"start":{"line":622,"column":8},"end":{"line":626,"column":9}},"239":{"start":{"line":623,"column":12},"end":{"line":623,"column":49}},"240":{"start":{"line":625,"column":12},"end":{"line":625,"column":39}},"241":{"start":{"line":628,"column":8},"end":{"line":628,"column":37}},"242":{"start":{"line":630,"column":8},"end":{"line":630,"column":103}},"243":{"start":{"line":635,"column":0},"end":{"line":646,"column":3}},"244":{"start":{"line":636,"column":15},"end":{"line":636,"column":38}},"245":{"start":{"line":637,"column":4},"end":{"line":645,"column":5}},"246":{"start":{"line":638,"column":22},"end":{"line":638,"column":44}},"247":{"start":{"line":639,"column":8},"end":{"line":641,"column":9}},"248":{"start":{"line":640,"column":12},"end":{"line":640,"column":72}},"249":{"start":{"line":642,"column":8},"end":{"line":642,"column":36}},"250":{"start":{"line":644,"column":8},"end":{"line":644,"column":104}},"251":{"start":{"line":649,"column":0},"end":{"line":672,"column":3}},"252":{"start":{"line":650,"column":15},"end":{"line":650,"column":38}},"253":{"start":{"line":651,"column":28},"end":{"line":651,"column":37}},"254":{"start":{"line":652,"column":4},"end":{"line":671,"column":5}},"255":{"start":{"line":653,"column":8},"end":{"line":655,"column":9}},"256":{"start":{"line":654,"column":12},"end":{"line":654,"column":73}},"257":{"start":{"line":657,"column":34},"end":{"line":658,"column":86}},"258":{"start":{"line":658,"column":25},"end":{"line":658,"column":85}},"259":{"start":{"line":659,"column":30},"end":{"line":659,"column":31}},"260":{"start":{"line":660,"column":8},"end":{"line":663,"column":11}},"261":{"start":{"line":661,"column":27},"end":{"line":661,"column":125}},"262":{"start":{"line":661,"column":80},"end":{"line":661,"column":104}},"263":{"start":{"line":661,"column":106},"end":{"line":661,"column":122}},"264":{"start":{"line":662,"column":12},"end":{"line":662,"column":44}},"265":{"start":{"line":664,"column":32},"end":{"line":664,"column":34}},"266":{"start":{"line":665,"column":8},"end":{"line":668,"column":11}},"267":{"start":{"line":670,"column":8},"end":{"line":670,"column":96}},"268":{"start":{"line":675,"column":0},"end":{"line":687,"column":3}},"269":{"start":{"line":676,"column":15},"end":{"line":676,"column":38}},"270":{"start":{"line":677,"column":4},"end":{"line":686,"column":5}},"271":{"start":{"line":678,"column":22},"end":{"line":678,"column":53}},"272":{"start":{"line":679,"column":8},"end":{"line":679,"column":78}},"273":{"start":{"line":681,"column":8},"end":{"line":685,"column":9}},"274":{"start":{"line":682,"column":12},"end":{"line":682,"column":59}},"275":{"start":{"line":684,"column":12},"end":{"line":684,"column":107}},"276":{"start":{"line":690,"column":0},"end":{"line":704,"column":3}},"277":{"start":{"line":691,"column":15},"end":{"line":691,"column":38}},"278":{"start":{"line":692,"column":4},"end":{"line":703,"column":5}},"279":{"start":{"line":693,"column":8},"end":{"line":693,"column":30}},"280":{"start":{"line":694,"column":8},"end":{"line":694,"column":69}},"281":{"start":{"line":696,"column":8},"end":{"line":702,"column":9}},"282":{"start":{"line":697,"column":12},"end":{"line":697,"column":59}},"283":{"start":{"line":698,"column":15},"end":{"line":702,"column":9}},"284":{"start":{"line":699,"column":12},"end":{"line":699,"column":59}},"285":{"start":{"line":701,"column":12},"end":{"line":701,"column":107}},"286":{"start":{"line":711,"column":0},"end":{"line":718,"column":3}},"287":{"start":{"line":712,"column":4},"end":{"line":717,"column":5}},"288":{"start":{"line":713,"column":22},"end":{"line":713,"column":54}},"289":{"start":{"line":714,"column":8},"end":{"line":714,"column":82}},"290":{"start":{"line":716,"column":8},"end":{"line":716,"column":104}},"291":{"start":{"line":721,"column":0},"end":{"line":729,"column":3}},"292":{"start":{"line":722,"column":15},"end":{"line":722,"column":38}},"293":{"start":{"line":723,"column":4},"end":{"line":728,"column":5}},"294":{"start":{"line":724,"column":23},"end":{"line":724,"column":62}},"295":{"start":{"line":725,"column":8},"end":{"line":725,"column":37}},"296":{"start":{"line":727,"column":8},"end":{"line":727,"column":111}},"297":{"start":{"line":732,"column":0},"end":{"line":744,"column":3}},"298":{"start":{"line":733,"column":15},"end":{"line":733,"column":38}},"299":{"start":{"line":734,"column":4},"end":{"line":743,"column":5}},"300":{"start":{"line":735,"column":22},"end":{"line":735,"column":61}},"301":{"start":{"line":736,"column":8},"end":{"line":736,"column":86}},"302":{"start":{"line":738,"column":8},"end":{"line":742,"column":9}},"303":{"start":{"line":739,"column":12},"end":{"line":739,"column":59}},"304":{"start":{"line":741,"column":12},"end":{"line":741,"column":115}},"305":{"start":{"line":747,"column":0},"end":{"line":759,"column":3}},"306":{"start":{"line":748,"column":15},"end":{"line":748,"column":38}},"307":{"start":{"line":749,"column":4},"end":{"line":758,"column":5}},"308":{"start":{"line":750,"column":8},"end":{"line":750,"column":38}},"309":{"start":{"line":751,"column":8},"end":{"line":751,"column":77}},"310":{"start":{"line":753,"column":8},"end":{"line":757,"column":9}},"311":{"start":{"line":754,"column":12},"end":{"line":754,"column":59}},"312":{"start":{"line":756,"column":12},"end":{"line":756,"column":115}},"313":{"start":{"line":766,"column":0},"end":{"line":787,"column":3}},"314":{"start":{"line":767,"column":4},"end":{"line":786,"column":5}},"315":{"start":{"line":769,"column":8},"end":{"line":779,"column":9}},"316":{"start":{"line":770,"column":32},"end":{"line":770,"column":71}},"317":{"start":{"line":771,"column":12},"end":{"line":774,"column":15}},"318":{"start":{"line":777,"column":32},"end":{"line":777,"column":67}},"319":{"start":{"line":778,"column":12},"end":{"line":778,"column":84}},"320":{"start":{"line":781,"column":8},"end":{"line":785,"column":9}},"321":{"start":{"line":782,"column":12},"end":{"line":782,"column":59}},"322":{"start":{"line":784,"column":12},"end":{"line":784,"column":94}},"323":{"start":{"line":790,"column":0},"end":{"line":805,"column":3}},"324":{"start":{"line":791,"column":15},"end":{"line":791,"column":38}},"325":{"start":{"line":792,"column":30},"end":{"line":792,"column":38}},"326":{"start":{"line":793,"column":4},"end":{"line":804,"column":5}},"327":{"start":{"line":794,"column":28},"end":{"line":794,"column":71}},"328":{"start":{"line":795,"column":8},"end":{"line":795,"column":85}},"329":{"start":{"line":797,"column":8},"end":{"line":803,"column":9}},"330":{"start":{"line":798,"column":12},"end":{"line":798,"column":59}},"331":{"start":{"line":799,"column":15},"end":{"line":803,"column":9}},"332":{"start":{"line":800,"column":12},"end":{"line":800,"column":59}},"333":{"start":{"line":802,"column":12},"end":{"line":802,"column":94}},"334":{"start":{"line":808,"column":0},"end":{"line":815,"column":3}},"335":{"start":{"line":809,"column":4},"end":{"line":814,"column":5}},"336":{"start":{"line":810,"column":29},"end":{"line":810,"column":52}},"337":{"start":{"line":811,"column":8},"end":{"line":811,"column":43}},"338":{"start":{"line":813,"column":8},"end":{"line":813,"column":109}},"339":{"start":{"line":818,"column":0},"end":{"line":829,"column":3}},"340":{"start":{"line":819,"column":15},"end":{"line":819,"column":38}},"341":{"start":{"line":820,"column":4},"end":{"line":828,"column":5}},"342":{"start":{"line":821,"column":28},"end":{"line":821,"column":56}},"343":{"start":{"line":822,"column":8},"end":{"line":824,"column":9}},"344":{"start":{"line":823,"column":12},"end":{"line":823,"column":78}},"345":{"start":{"line":825,"column":8},"end":{"line":825,"column":42}},"346":{"start":{"line":827,"column":8},"end":{"line":827,"column":109}},"347":{"start":{"line":832,"column":0},"end":{"line":840,"column":3}},"348":{"start":{"line":833,"column":15},"end":{"line":833,"column":38}},"349":{"start":{"line":834,"column":4},"end":{"line":839,"column":5}},"350":{"start":{"line":835,"column":29},"end":{"line":835,"column":61}},"351":{"start":{"line":836,"column":8},"end":{"line":836,"column":43}},"352":{"start":{"line":838,"column":8},"end":{"line":838,"column":92}},"353":{"start":{"line":843,"column":0},"end":{"line":851,"column":3}},"354":{"start":{"line":844,"column":15},"end":{"line":844,"column":38}},"355":{"start":{"line":845,"column":4},"end":{"line":850,"column":5}},"356":{"start":{"line":846,"column":29},"end":{"line":846,"column":66}},"357":{"start":{"line":847,"column":8},"end":{"line":847,"column":43}},"358":{"start":{"line":849,"column":8},"end":{"line":849,"column":92}},"359":{"start":{"line":854,"column":0},"end":{"line":868,"column":3}},"360":{"start":{"line":855,"column":15},"end":{"line":855,"column":38}},"361":{"start":{"line":856,"column":4},"end":{"line":867,"column":5}},"362":{"start":{"line":857,"column":28},"end":{"line":857,"column":65}},"363":{"start":{"line":858,"column":8},"end":{"line":858,"column":90}},"364":{"start":{"line":860,"column":8},"end":{"line":866,"column":9}},"365":{"start":{"line":861,"column":12},"end":{"line":861,"column":59}},"366":{"start":{"line":862,"column":15},"end":{"line":866,"column":9}},"367":{"start":{"line":863,"column":12},"end":{"line":863,"column":59}},"368":{"start":{"line":865,"column":12},"end":{"line":865,"column":95}},"369":{"start":{"line":871,"column":0},"end":{"line":883,"column":3}},"370":{"start":{"line":872,"column":15},"end":{"line":872,"column":38}},"371":{"start":{"line":873,"column":4},"end":{"line":882,"column":5}},"372":{"start":{"line":874,"column":8},"end":{"line":874,"column":36}},"373":{"start":{"line":875,"column":8},"end":{"line":875,"column":75}},"374":{"start":{"line":877,"column":8},"end":{"line":881,"column":9}},"375":{"start":{"line":878,"column":12},"end":{"line":878,"column":59}},"376":{"start":{"line":880,"column":12},"end":{"line":880,"column":95}},"377":{"start":{"line":890,"column":0},"end":{"line":902,"column":3}},"378":{"start":{"line":891,"column":4},"end":{"line":901,"column":5}},"379":{"start":{"line":892,"column":44},"end":{"line":892,"column":52}},"380":{"start":{"line":893,"column":25},"end":{"line":893,"column":67}},"381":{"start":{"line":894,"column":8},"end":{"line":894,"column":77}},"382":{"start":{"line":896,"column":8},"end":{"line":900,"column":9}},"383":{"start":{"line":897,"column":12},"end":{"line":897,"column":83}},"384":{"start":{"line":899,"column":12},"end":{"line":899,"column":92}},"385":{"start":{"line":905,"column":0},"end":{"line":912,"column":3}},"386":{"start":{"line":906,"column":4},"end":{"line":911,"column":5}},"387":{"start":{"line":907,"column":26},"end":{"line":907,"column":46}},"388":{"start":{"line":908,"column":8},"end":{"line":908,"column":40}},"389":{"start":{"line":910,"column":8},"end":{"line":910,"column":92}},"390":{"start":{"line":915,"column":0},"end":{"line":926,"column":3}},"391":{"start":{"line":916,"column":15},"end":{"line":916,"column":38}},"392":{"start":{"line":917,"column":4},"end":{"line":925,"column":5}},"393":{"start":{"line":918,"column":25},"end":{"line":918,"column":50}},"394":{"start":{"line":919,"column":8},"end":{"line":921,"column":9}},"395":{"start":{"line":920,"column":12},"end":{"line":920,"column":74}},"396":{"start":{"line":922,"column":8},"end":{"line":922,"column":39}},"397":{"start":{"line":924,"column":8},"end":{"line":924,"column":92}},"398":{"start":{"line":929,"column":0},"end":{"line":941,"column":3}},"399":{"start":{"line":930,"column":15},"end":{"line":930,"column":38}},"400":{"start":{"line":931,"column":4},"end":{"line":940,"column":5}},"401":{"start":{"line":932,"column":25},"end":{"line":932,"column":59}},"402":{"start":{"line":933,"column":8},"end":{"line":933,"column":83}},"403":{"start":{"line":935,"column":8},"end":{"line":939,"column":9}},"404":{"start":{"line":936,"column":12},"end":{"line":936,"column":59}},"405":{"start":{"line":938,"column":12},"end":{"line":938,"column":95}},"406":{"start":{"line":944,"column":0},"end":{"line":956,"column":3}},"407":{"start":{"line":945,"column":15},"end":{"line":945,"column":38}},"408":{"start":{"line":946,"column":4},"end":{"line":955,"column":5}},"409":{"start":{"line":947,"column":8},"end":{"line":947,"column":33}},"410":{"start":{"line":948,"column":8},"end":{"line":948,"column":71}},"411":{"start":{"line":950,"column":8},"end":{"line":954,"column":9}},"412":{"start":{"line":951,"column":12},"end":{"line":951,"column":59}},"413":{"start":{"line":953,"column":12},"end":{"line":953,"column":95}},"414":{"start":{"line":963,"column":0},"end":{"line":976,"column":3}},"415":{"start":{"line":964,"column":24},"end":{"line":964,"column":56}},"416":{"start":{"line":965,"column":34},"end":{"line":965,"column":42}},"417":{"start":{"line":966,"column":4},"end":{"line":975,"column":5}},"418":{"start":{"line":967,"column":26},"end":{"line":967,"column":76}},"419":{"start":{"line":968,"column":8},"end":{"line":968,"column":82}},"420":{"start":{"line":970,"column":8},"end":{"line":974,"column":9}},"421":{"start":{"line":971,"column":12},"end":{"line":971,"column":103}},"422":{"start":{"line":973,"column":12},"end":{"line":973,"column":88}},"423":{"start":{"line":979,"column":0},"end":{"line":987,"column":3}},"424":{"start":{"line":980,"column":24},"end":{"line":980,"column":56}},"425":{"start":{"line":981,"column":4},"end":{"line":986,"column":5}},"426":{"start":{"line":982,"column":29},"end":{"line":982,"column":63}},"427":{"start":{"line":983,"column":8},"end":{"line":983,"column":43}},"428":{"start":{"line":985,"column":8},"end":{"line":985,"column":92}},"429":{"start":{"line":990,"column":0},"end":{"line":1001,"column":3}},"430":{"start":{"line":991,"column":15},"end":{"line":991,"column":38}},"431":{"start":{"line":992,"column":4},"end":{"line":1000,"column":5}},"432":{"start":{"line":993,"column":26},"end":{"line":993,"column":52}},"433":{"start":{"line":994,"column":8},"end":{"line":996,"column":9}},"434":{"start":{"line":995,"column":12},"end":{"line":995,"column":76}},"435":{"start":{"line":997,"column":8},"end":{"line":997,"column":40}},"436":{"start":{"line":999,"column":8},"end":{"line":999,"column":92}},"437":{"start":{"line":1004,"column":0},"end":{"line":1016,"column":3}},"438":{"start":{"line":1005,"column":15},"end":{"line":1005,"column":38}},"439":{"start":{"line":1006,"column":4},"end":{"line":1015,"column":5}},"440":{"start":{"line":1007,"column":26},"end":{"line":1007,"column":61}},"441":{"start":{"line":1008,"column":8},"end":{"line":1008,"column":86}},"442":{"start":{"line":1010,"column":8},"end":{"line":1014,"column":9}},"443":{"start":{"line":1011,"column":12},"end":{"line":1011,"column":59}},"444":{"start":{"line":1013,"column":12},"end":{"line":1013,"column":95}},"445":{"start":{"line":1019,"column":0},"end":{"line":1031,"column":3}},"446":{"start":{"line":1020,"column":15},"end":{"line":1020,"column":38}},"447":{"start":{"line":1021,"column":4},"end":{"line":1030,"column":5}},"448":{"start":{"line":1022,"column":8},"end":{"line":1022,"column":34}},"449":{"start":{"line":1023,"column":8},"end":{"line":1023,"column":73}},"450":{"start":{"line":1025,"column":8},"end":{"line":1029,"column":9}},"451":{"start":{"line":1026,"column":12},"end":{"line":1026,"column":59}},"452":{"start":{"line":1028,"column":12},"end":{"line":1028,"column":95}}},"fnMap":{"0":{"name":"(anonymous_0)","decl":{"start":{"line":81,"column":28},"end":{"line":81,"column":29}},"loc":{"start":{"line":81,"column":63},"end":{"line":92,"column":1}},"line":81},"1":{"name":"(anonymous_1)","decl":{"start":{"line":95,"column":26},"end":{"line":95,"column":27}},"loc":{"start":{"line":95,"column":46},"end":{"line":113,"column":1}},"line":95},"2":{"name":"(anonymous_2)","decl":{"start":{"line":96,"column":35},"end":{"line":96,"column":36}},"loc":{"start":{"line":96,"column":63},"end":{"line":112,"column":5}},"line":96},"3":{"name":"(anonymous_3)","decl":{"start":{"line":100,"column":31},"end":{"line":100,"column":32}},"loc":{"start":{"line":100,"column":40},"end":{"line":111,"column":9}},"line":100},"4":{"name":"(anonymous_4)","decl":{"start":{"line":116,"column":28},"end":{"line":116,"column":29}},"loc":{"start":{"line":116,"column":57},"end":{"line":127,"column":1}},"line":116},"5":{"name":"(anonymous_5)","decl":{"start":{"line":117,"column":19},"end":{"line":117,"column":20}},"loc":{"start":{"line":117,"column":31},"end":{"line":126,"column":5}},"line":117},"6":{"name":"(anonymous_6)","decl":{"start":{"line":134,"column":27},"end":{"line":134,"column":28}},"loc":{"start":{"line":134,"column":50},"end":{"line":144,"column":1}},"line":134},"7":{"name":"(anonymous_7)","decl":{"start":{"line":147,"column":25},"end":{"line":147,"column":26}},"loc":{"start":{"line":147,"column":48},"end":{"line":157,"column":1}},"line":147},"8":{"name":"(anonymous_8)","decl":{"start":{"line":164,"column":16},"end":{"line":164,"column":17}},"loc":{"start":{"line":164,"column":30},"end":{"line":172,"column":1}},"line":164},"9":{"name":"(anonymous_9)","decl":{"start":{"line":175,"column":32},"end":{"line":175,"column":33}},"loc":{"start":{"line":175,"column":52},"end":{"line":198,"column":1}},"line":175},"10":{"name":"(anonymous_10)","decl":{"start":{"line":183,"column":43},"end":{"line":183,"column":44}},"loc":{"start":{"line":183,"column":48},"end":{"line":183,"column":63}},"line":183},"11":{"name":"(anonymous_11)","decl":{"start":{"line":201,"column":23},"end":{"line":201,"column":24}},"loc":{"start":{"line":201,"column":37},"end":{"line":209,"column":1}},"line":201},"12":{"name":"(anonymous_12)","decl":{"start":{"line":212,"column":37},"end":{"line":212,"column":38}},"loc":{"start":{"line":212,"column":51},"end":{"line":220,"column":1}},"line":212},"13":{"name":"(anonymous_13)","decl":{"start":{"line":223,"column":43},"end":{"line":223,"column":44}},"loc":{"start":{"line":223,"column":57},"end":{"line":231,"column":1}},"line":223},"14":{"name":"(anonymous_14)","decl":{"start":{"line":234,"column":38},"end":{"line":234,"column":39}},"loc":{"start":{"line":234,"column":52},"end":{"line":242,"column":1}},"line":234},"15":{"name":"(anonymous_15)","decl":{"start":{"line":245,"column":44},"end":{"line":245,"column":45}},"loc":{"start":{"line":245,"column":58},"end":{"line":253,"column":1}},"line":245},"16":{"name":"(anonymous_16)","decl":{"start":{"line":256,"column":39},"end":{"line":256,"column":40}},"loc":{"start":{"line":256,"column":53},"end":{"line":264,"column":1}},"line":256},"17":{"name":"(anonymous_17)","decl":{"start":{"line":267,"column":31},"end":{"line":267,"column":32}},"loc":{"start":{"line":267,"column":45},"end":{"line":275,"column":1}},"line":267},"18":{"name":"(anonymous_18)","decl":{"start":{"line":278,"column":47},"end":{"line":278,"column":48}},"loc":{"start":{"line":278,"column":61},"end":{"line":286,"column":1}},"line":278},"19":{"name":"(anonymous_19)","decl":{"start":{"line":293,"column":43},"end":{"line":293,"column":44}},"loc":{"start":{"line":293,"column":63},"end":{"line":305,"column":1}},"line":293},"20":{"name":"(anonymous_20)","decl":{"start":{"line":308,"column":42},"end":{"line":308,"column":43}},"loc":{"start":{"line":308,"column":62},"end":{"line":315,"column":1}},"line":308},"21":{"name":"(anonymous_21)","decl":{"start":{"line":318,"column":46},"end":{"line":318,"column":47}},"loc":{"start":{"line":318,"column":66},"end":{"line":329,"column":1}},"line":318},"22":{"name":"(anonymous_22)","decl":{"start":{"line":332,"column":46},"end":{"line":332,"column":47}},"loc":{"start":{"line":332,"column":66},"end":{"line":346,"column":1}},"line":332},"23":{"name":"(anonymous_23)","decl":{"start":{"line":349,"column":51},"end":{"line":349,"column":52}},"loc":{"start":{"line":349,"column":71},"end":{"line":367,"column":1}},"line":349},"24":{"name":"(anonymous_24)","decl":{"start":{"line":370,"column":49},"end":{"line":370,"column":50}},"loc":{"start":{"line":370,"column":69},"end":{"line":382,"column":1}},"line":370},"25":{"name":"(anonymous_25)","decl":{"start":{"line":389,"column":42},"end":{"line":389,"column":43}},"loc":{"start":{"line":389,"column":62},"end":{"line":400,"column":1}},"line":389},"26":{"name":"(anonymous_26)","decl":{"start":{"line":403,"column":41},"end":{"line":403,"column":42}},"loc":{"start":{"line":403,"column":61},"end":{"line":420,"column":1}},"line":403},"27":{"name":"(anonymous_27)","decl":{"start":{"line":423,"column":45},"end":{"line":423,"column":46}},"loc":{"start":{"line":423,"column":65},"end":{"line":434,"column":1}},"line":423},"28":{"name":"(anonymous_28)","decl":{"start":{"line":437,"column":45},"end":{"line":437,"column":46}},"loc":{"start":{"line":437,"column":65},"end":{"line":449,"column":1}},"line":437},"29":{"name":"(anonymous_29)","decl":{"start":{"line":452,"column":48},"end":{"line":452,"column":49}},"loc":{"start":{"line":452,"column":68},"end":{"line":466,"column":1}},"line":452},"30":{"name":"(anonymous_30)","decl":{"start":{"line":473,"column":48},"end":{"line":473,"column":49}},"loc":{"start":{"line":473,"column":68},"end":{"line":484,"column":1}},"line":473},"31":{"name":"(anonymous_31)","decl":{"start":{"line":487,"column":47},"end":{"line":487,"column":48}},"loc":{"start":{"line":487,"column":67},"end":{"line":502,"column":1}},"line":487},"32":{"name":"(anonymous_32)","decl":{"start":{"line":505,"column":70},"end":{"line":505,"column":71}},"loc":{"start":{"line":505,"column":90},"end":{"line":516,"column":1}},"line":505},"33":{"name":"(anonymous_33)","decl":{"start":{"line":519,"column":51},"end":{"line":519,"column":52}},"loc":{"start":{"line":519,"column":71},"end":{"line":530,"column":1}},"line":519},"34":{"name":"(anonymous_34)","decl":{"start":{"line":533,"column":66},"end":{"line":533,"column":67}},"loc":{"start":{"line":533,"column":86},"end":{"line":564,"column":1}},"line":533},"35":{"name":"(anonymous_35)","decl":{"start":{"line":543,"column":48},"end":{"line":543,"column":49}},"loc":{"start":{"line":543,"column":53},"end":{"line":543,"column":92}},"line":543},"36":{"name":"(anonymous_36)","decl":{"start":{"line":545,"column":28},"end":{"line":545,"column":29}},"loc":{"start":{"line":545,"column":33},"end":{"line":548,"column":9}},"line":545},"37":{"name":"(anonymous_37)","decl":{"start":{"line":546,"column":57},"end":{"line":546,"column":58}},"loc":{"start":{"line":546,"column":62},"end":{"line":546,"column":124}},"line":546},"38":{"name":"(anonymous_38)","decl":{"start":{"line":553,"column":23},"end":{"line":553,"column":24}},"loc":{"start":{"line":553,"column":28},"end":{"line":556,"column":9}},"line":553},"39":{"name":"(anonymous_39)","decl":{"start":{"line":554,"column":59},"end":{"line":554,"column":60}},"loc":{"start":{"line":554,"column":64},"end":{"line":554,"column":126}},"line":554},"40":{"name":"(anonymous_40)","decl":{"start":{"line":567,"column":51},"end":{"line":567,"column":52}},"loc":{"start":{"line":567,"column":71},"end":{"line":579,"column":1}},"line":567},"41":{"name":"(anonymous_41)","decl":{"start":{"line":582,"column":54},"end":{"line":582,"column":55}},"loc":{"start":{"line":582,"column":74},"end":{"line":596,"column":1}},"line":582},"42":{"name":"(anonymous_42)","decl":{"start":{"line":603,"column":43},"end":{"line":603,"column":44}},"loc":{"start":{"line":603,"column":63},"end":{"line":614,"column":1}},"line":603},"43":{"name":"(anonymous_43)","decl":{"start":{"line":617,"column":42},"end":{"line":617,"column":43}},"loc":{"start":{"line":617,"column":62},"end":{"line":632,"column":1}},"line":617},"44":{"name":"(anonymous_44)","decl":{"start":{"line":635,"column":46},"end":{"line":635,"column":47}},"loc":{"start":{"line":635,"column":66},"end":{"line":646,"column":1}},"line":635},"45":{"name":"(anonymous_45)","decl":{"start":{"line":649,"column":61},"end":{"line":649,"column":62}},"loc":{"start":{"line":649,"column":81},"end":{"line":672,"column":1}},"line":649},"46":{"name":"(anonymous_46)","decl":{"start":{"line":658,"column":20},"end":{"line":658,"column":21}},"loc":{"start":{"line":658,"column":25},"end":{"line":658,"column":85}},"line":658},"47":{"name":"(anonymous_47)","decl":{"start":{"line":660,"column":34},"end":{"line":660,"column":35}},"loc":{"start":{"line":660,"column":39},"end":{"line":663,"column":9}},"line":660},"48":{"name":"(anonymous_48)","decl":{"start":{"line":661,"column":57},"end":{"line":661,"column":58}},"loc":{"start":{"line":661,"column":62},"end":{"line":661,"column":124}},"line":661},"49":{"name":"(anonymous_49)","decl":{"start":{"line":675,"column":46},"end":{"line":675,"column":47}},"loc":{"start":{"line":675,"column":66},"end":{"line":687,"column":1}},"line":675},"50":{"name":"(anonymous_50)","decl":{"start":{"line":690,"column":49},"end":{"line":690,"column":50}},"loc":{"start":{"line":690,"column":69},"end":{"line":704,"column":1}},"line":690},"51":{"name":"(anonymous_51)","decl":{"start":{"line":711,"column":51},"end":{"line":711,"column":52}},"loc":{"start":{"line":711,"column":71},"end":{"line":718,"column":1}},"line":711},"52":{"name":"(anonymous_52)","decl":{"start":{"line":721,"column":65},"end":{"line":721,"column":66}},"loc":{"start":{"line":721,"column":85},"end":{"line":729,"column":1}},"line":721},"53":{"name":"(anonymous_53)","decl":{"start":{"line":732,"column":54},"end":{"line":732,"column":55}},"loc":{"start":{"line":732,"column":74},"end":{"line":744,"column":1}},"line":732},"54":{"name":"(anonymous_54)","decl":{"start":{"line":747,"column":57},"end":{"line":747,"column":58}},"loc":{"start":{"line":747,"column":77},"end":{"line":759,"column":1}},"line":747},"55":{"name":"(anonymous_55)","decl":{"start":{"line":766,"column":49},"end":{"line":766,"column":50}},"loc":{"start":{"line":766,"column":69},"end":{"line":787,"column":1}},"line":766},"56":{"name":"(anonymous_56)","decl":{"start":{"line":790,"column":63},"end":{"line":790,"column":64}},"loc":{"start":{"line":790,"column":83},"end":{"line":805,"column":1}},"line":790},"57":{"name":"(anonymous_57)","decl":{"start":{"line":808,"column":48},"end":{"line":808,"column":49}},"loc":{"start":{"line":808,"column":69},"end":{"line":815,"column":1}},"line":808},"58":{"name":"(anonymous_58)","decl":{"start":{"line":818,"column":52},"end":{"line":818,"column":53}},"loc":{"start":{"line":818,"column":72},"end":{"line":829,"column":1}},"line":818},"59":{"name":"(anonymous_59)","decl":{"start":{"line":832,"column":58},"end":{"line":832,"column":59}},"loc":{"start":{"line":832,"column":78},"end":{"line":840,"column":1}},"line":832},"60":{"name":"(anonymous_60)","decl":{"start":{"line":843,"column":63},"end":{"line":843,"column":64}},"loc":{"start":{"line":843,"column":83},"end":{"line":851,"column":1}},"line":843},"61":{"name":"(anonymous_61)","decl":{"start":{"line":854,"column":52},"end":{"line":854,"column":53}},"loc":{"start":{"line":854,"column":72},"end":{"line":868,"column":1}},"line":854},"62":{"name":"(anonymous_62)","decl":{"start":{"line":871,"column":55},"end":{"line":871,"column":56}},"loc":{"start":{"line":871,"column":75},"end":{"line":883,"column":1}},"line":871},"63":{"name":"(anonymous_63)","decl":{"start":{"line":890,"column":46},"end":{"line":890,"column":47}},"loc":{"start":{"line":890,"column":66},"end":{"line":902,"column":1}},"line":890},"64":{"name":"(anonymous_64)","decl":{"start":{"line":905,"column":45},"end":{"line":905,"column":46}},"loc":{"start":{"line":905,"column":65},"end":{"line":912,"column":1}},"line":905},"65":{"name":"(anonymous_65)","decl":{"start":{"line":915,"column":49},"end":{"line":915,"column":50}},"loc":{"start":{"line":915,"column":69},"end":{"line":926,"column":1}},"line":915},"66":{"name":"(anonymous_66)","decl":{"start":{"line":929,"column":49},"end":{"line":929,"column":50}},"loc":{"start":{"line":929,"column":69},"end":{"line":941,"column":1}},"line":929},"67":{"name":"(anonymous_67)","decl":{"start":{"line":944,"column":52},"end":{"line":944,"column":53}},"loc":{"start":{"line":944,"column":72},"end":{"line":956,"column":1}},"line":944},"68":{"name":"(anonymous_68)","decl":{"start":{"line":963,"column":72},"end":{"line":963,"column":73}},"loc":{"start":{"line":963,"column":92},"end":{"line":976,"column":1}},"line":963},"69":{"name":"(anonymous_69)","decl":{"start":{"line":979,"column":71},"end":{"line":979,"column":72}},"loc":{"start":{"line":979,"column":91},"end":{"line":987,"column":1}},"line":979},"70":{"name":"(anonymous_70)","decl":{"start":{"line":990,"column":52},"end":{"line":990,"column":53}},"loc":{"start":{"line":990,"column":72},"end":{"line":1001,"column":1}},"line":990},"71":{"name":"(anonymous_71)","decl":{"start":{"line":1004,"column":52},"end":{"line":1004,"column":53}},"loc":{"start":{"line":1004,"column":72},"end":{"line":1016,"column":1}},"line":1004},"72":{"name":"(anonymous_72)","decl":{"start":{"line":1019,"column":55},"end":{"line":1019,"column":56}},"loc":{"start":{"line":1019,"column":75},"end":{"line":1031,"column":1}},"line":1019}},"branchMap":{"0":{"loc":{"start":{"line":86,"column":8},"end":{"line":90,"column":9}},"type":"if","locations":[{"start":{"line":86,"column":8},"end":{"line":90,"column":9}},{"start":{"line":88,"column":15},"end":{"line":90,"column":9}}],"line":86},"1":{"loc":{"start":{"line":97,"column":8},"end":{"line":97,"column":34}},"type":"if","locations":[{"start":{"line":97,"column":8},"end":{"line":97,"column":34}},{"start":{},"end":{}}],"line":97},"2":{"loc":{"start":{"line":98,"column":8},"end":{"line":98,"column":60}},"type":"if","locations":[{"start":{"line":98,"column":8},"end":{"line":98,"column":60}},{"start":{},"end":{}}],"line":98},"3":{"loc":{"start":{"line":101,"column":12},"end":{"line":101,"column":38}},"type":"if","locations":[{"start":{"line":101,"column":12},"end":{"line":101,"column":38}},{"start":{},"end":{}}],"line":101},"4":{"loc":{"start":{"line":118,"column":8},"end":{"line":125,"column":9}},"type":"if","locations":[{"start":{"line":118,"column":8},"end":{"line":125,"column":9}},{"start":{"line":120,"column":15},"end":{"line":125,"column":9}}],"line":118},"5":{"loc":{"start":{"line":141,"column":20},"end":{"line":141,"column":54}},"type":"binary-expr","locations":[{"start":{"line":141,"column":20},"end":{"line":141,"column":46}},{"start":{"line":141,"column":50},"end":{"line":141,"column":54}}],"line":141},"6":{"loc":{"start":{"line":154,"column":20},"end":{"line":154,"column":54}},"type":"binary-expr","locations":[{"start":{"line":154,"column":20},"end":{"line":154,"column":46}},{"start":{"line":154,"column":50},"end":{"line":154,"column":54}}],"line":154},"7":{"loc":{"start":{"line":169,"column":20},"end":{"line":169,"column":50}},"type":"binary-expr","locations":[{"start":{"line":169,"column":20},"end":{"line":169,"column":42}},{"start":{"line":169,"column":46},"end":{"line":169,"column":50}}],"line":169},"8":{"loc":{"start":{"line":184,"column":29},"end":{"line":186,"column":15}},"type":"cond-expr","locations":[{"start":{"line":185,"column":14},"end":{"line":185,"column":64}},{"start":{"line":186,"column":14},"end":{"line":186,"column":15}}],"line":184},"9":{"loc":{"start":{"line":206,"column":20},"end":{"line":206,"column":50}},"type":"binary-expr","locations":[{"start":{"line":206,"column":20},"end":{"line":206,"column":42}},{"start":{"line":206,"column":46},"end":{"line":206,"column":50}}],"line":206},"10":{"loc":{"start":{"line":217,"column":20},"end":{"line":217,"column":50}},"type":"binary-expr","locations":[{"start":{"line":217,"column":20},"end":{"line":217,"column":42}},{"start":{"line":217,"column":46},"end":{"line":217,"column":50}}],"line":217},"11":{"loc":{"start":{"line":228,"column":20},"end":{"line":228,"column":50}},"type":"binary-expr","locations":[{"start":{"line":228,"column":20},"end":{"line":228,"column":42}},{"start":{"line":228,"column":46},"end":{"line":228,"column":50}}],"line":228},"12":{"loc":{"start":{"line":239,"column":20},"end":{"line":239,"column":50}},"type":"binary-expr","locations":[{"start":{"line":239,"column":20},"end":{"line":239,"column":42}},{"start":{"line":239,"column":46},"end":{"line":239,"column":50}}],"line":239},"13":{"loc":{"start":{"line":250,"column":20},"end":{"line":250,"column":50}},"type":"binary-expr","locations":[{"start":{"line":250,"column":20},"end":{"line":250,"column":42}},{"start":{"line":250,"column":46},"end":{"line":250,"column":50}}],"line":250},"14":{"loc":{"start":{"line":261,"column":20},"end":{"line":261,"column":50}},"type":"binary-expr","locations":[{"start":{"line":261,"column":20},"end":{"line":261,"column":42}},{"start":{"line":261,"column":46},"end":{"line":261,"column":50}}],"line":261},"15":{"loc":{"start":{"line":272,"column":20},"end":{"line":272,"column":50}},"type":"binary-expr","locations":[{"start":{"line":272,"column":20},"end":{"line":272,"column":42}},{"start":{"line":272,"column":46},"end":{"line":272,"column":50}}],"line":272},"16":{"loc":{"start":{"line":283,"column":20},"end":{"line":283,"column":50}},"type":"binary-expr","locations":[{"start":{"line":283,"column":20},"end":{"line":283,"column":42}},{"start":{"line":283,"column":46},"end":{"line":283,"column":50}}],"line":283},"17":{"loc":{"start":{"line":299,"column":8},"end":{"line":303,"column":9}},"type":"if","locations":[{"start":{"line":299,"column":8},"end":{"line":303,"column":9}},{"start":{"line":301,"column":15},"end":{"line":303,"column":9}}],"line":299},"18":{"loc":{"start":{"line":322,"column":8},"end":{"line":324,"column":9}},"type":"if","locations":[{"start":{"line":322,"column":8},"end":{"line":324,"column":9}},{"start":{},"end":{}}],"line":322},"19":{"loc":{"start":{"line":338,"column":8},"end":{"line":344,"column":9}},"type":"if","locations":[{"start":{"line":338,"column":8},"end":{"line":344,"column":9}},{"start":{"line":340,"column":15},"end":{"line":344,"column":9}}],"line":338},"20":{"loc":{"start":{"line":340,"column":15},"end":{"line":344,"column":9}},"type":"if","locations":[{"start":{"line":340,"column":15},"end":{"line":344,"column":9}},{"start":{"line":342,"column":15},"end":{"line":344,"column":9}}],"line":340},"21":{"loc":{"start":{"line":353,"column":4},"end":{"line":355,"column":5}},"type":"if","locations":[{"start":{"line":353,"column":4},"end":{"line":355,"column":5}},{"start":{},"end":{}}],"line":353},"22":{"loc":{"start":{"line":353,"column":8},"end":{"line":353,"column":69}},"type":"binary-expr","locations":[{"start":{"line":353,"column":8},"end":{"line":353,"column":24}},{"start":{"line":353,"column":28},"end":{"line":353,"column":50}},{"start":{"line":353,"column":54},"end":{"line":353,"column":69}}],"line":353},"23":{"loc":{"start":{"line":361,"column":8},"end":{"line":365,"column":9}},"type":"if","locations":[{"start":{"line":361,"column":8},"end":{"line":365,"column":9}},{"start":{"line":363,"column":15},"end":{"line":365,"column":9}}],"line":361},"24":{"loc":{"start":{"line":376,"column":8},"end":{"line":380,"column":9}},"type":"if","locations":[{"start":{"line":376,"column":8},"end":{"line":380,"column":9}},{"start":{"line":378,"column":15},"end":{"line":380,"column":9}}],"line":376},"25":{"loc":{"start":{"line":394,"column":8},"end":{"line":398,"column":9}},"type":"if","locations":[{"start":{"line":394,"column":8},"end":{"line":398,"column":9}},{"start":{"line":396,"column":15},"end":{"line":398,"column":9}}],"line":394},"26":{"loc":{"start":{"line":408,"column":8},"end":{"line":414,"column":9}},"type":"if","locations":[{"start":{"line":408,"column":8},"end":{"line":414,"column":9}},{"start":{"line":410,"column":15},"end":{"line":414,"column":9}}],"line":408},"27":{"loc":{"start":{"line":410,"column":15},"end":{"line":414,"column":9}},"type":"if","locations":[{"start":{"line":410,"column":15},"end":{"line":414,"column":9}},{"start":{"line":412,"column":15},"end":{"line":414,"column":9}}],"line":410},"28":{"loc":{"start":{"line":427,"column":8},"end":{"line":429,"column":9}},"type":"if","locations":[{"start":{"line":427,"column":8},"end":{"line":429,"column":9}},{"start":{},"end":{}}],"line":427},"29":{"loc":{"start":{"line":443,"column":8},"end":{"line":447,"column":9}},"type":"if","locations":[{"start":{"line":443,"column":8},"end":{"line":447,"column":9}},{"start":{"line":445,"column":15},"end":{"line":447,"column":9}}],"line":443},"30":{"loc":{"start":{"line":458,"column":8},"end":{"line":464,"column":9}},"type":"if","locations":[{"start":{"line":458,"column":8},"end":{"line":464,"column":9}},{"start":{"line":460,"column":15},"end":{"line":464,"column":9}}],"line":458},"31":{"loc":{"start":{"line":460,"column":15},"end":{"line":464,"column":9}},"type":"if","locations":[{"start":{"line":460,"column":15},"end":{"line":464,"column":9}},{"start":{"line":462,"column":15},"end":{"line":464,"column":9}}],"line":460},"32":{"loc":{"start":{"line":478,"column":8},"end":{"line":482,"column":9}},"type":"if","locations":[{"start":{"line":478,"column":8},"end":{"line":482,"column":9}},{"start":{"line":480,"column":15},"end":{"line":482,"column":9}}],"line":478},"33":{"loc":{"start":{"line":492,"column":8},"end":{"line":496,"column":9}},"type":"if","locations":[{"start":{"line":492,"column":8},"end":{"line":496,"column":9}},{"start":{"line":494,"column":15},"end":{"line":496,"column":9}}],"line":492},"34":{"loc":{"start":{"line":507,"column":4},"end":{"line":509,"column":5}},"type":"if","locations":[{"start":{"line":507,"column":4},"end":{"line":509,"column":5}},{"start":{},"end":{}}],"line":507},"35":{"loc":{"start":{"line":507,"column":8},"end":{"line":507,"column":60}},"type":"binary-expr","locations":[{"start":{"line":507,"column":8},"end":{"line":507,"column":20}},{"start":{"line":507,"column":24},"end":{"line":507,"column":42}},{"start":{"line":507,"column":46},"end":{"line":507,"column":52}},{"start":{"line":507,"column":56},"end":{"line":507,"column":60}}],"line":507},"36":{"loc":{"start":{"line":523,"column":8},"end":{"line":525,"column":9}},"type":"if","locations":[{"start":{"line":523,"column":8},"end":{"line":525,"column":9}},{"start":{},"end":{}}],"line":523},"37":{"loc":{"start":{"line":537,"column":8},"end":{"line":539,"column":9}},"type":"if","locations":[{"start":{"line":537,"column":8},"end":{"line":539,"column":9}},{"start":{},"end":{}}],"line":537},"38":{"loc":{"start":{"line":559,"column":24},"end":{"line":559,"column":82}},"type":"cond-expr","locations":[{"start":{"line":559,"column":42},"end":{"line":559,"column":75}},{"start":{"line":559,"column":78},"end":{"line":559,"column":82}}],"line":559},"39":{"loc":{"start":{"line":573,"column":8},"end":{"line":577,"column":9}},"type":"if","locations":[{"start":{"line":573,"column":8},"end":{"line":577,"column":9}},{"start":{"line":575,"column":15},"end":{"line":577,"column":9}}],"line":573},"40":{"loc":{"start":{"line":588,"column":8},"end":{"line":594,"column":9}},"type":"if","locations":[{"start":{"line":588,"column":8},"end":{"line":594,"column":9}},{"start":{"line":590,"column":15},"end":{"line":594,"column":9}}],"line":588},"41":{"loc":{"start":{"line":590,"column":15},"end":{"line":594,"column":9}},"type":"if","locations":[{"start":{"line":590,"column":15},"end":{"line":594,"column":9}},{"start":{"line":592,"column":15},"end":{"line":594,"column":9}}],"line":590},"42":{"loc":{"start":{"line":608,"column":8},"end":{"line":612,"column":9}},"type":"if","locations":[{"start":{"line":608,"column":8},"end":{"line":612,"column":9}},{"start":{"line":610,"column":15},"end":{"line":612,"column":9}}],"line":608},"43":{"loc":{"start":{"line":622,"column":8},"end":{"line":626,"column":9}},"type":"if","locations":[{"start":{"line":622,"column":8},"end":{"line":626,"column":9}},{"start":{"line":624,"column":15},"end":{"line":626,"column":9}}],"line":622},"44":{"loc":{"start":{"line":639,"column":8},"end":{"line":641,"column":9}},"type":"if","locations":[{"start":{"line":639,"column":8},"end":{"line":641,"column":9}},{"start":{},"end":{}}],"line":639},"45":{"loc":{"start":{"line":653,"column":8},"end":{"line":655,"column":9}},"type":"if","locations":[{"start":{"line":653,"column":8},"end":{"line":655,"column":9}},{"start":{},"end":{}}],"line":653},"46":{"loc":{"start":{"line":658,"column":25},"end":{"line":658,"column":85}},"type":"binary-expr","locations":[{"start":{"line":658,"column":25},"end":{"line":658,"column":42}},{"start":{"line":658,"column":46},"end":{"line":658,"column":85}}],"line":658},"47":{"loc":{"start":{"line":681,"column":8},"end":{"line":685,"column":9}},"type":"if","locations":[{"start":{"line":681,"column":8},"end":{"line":685,"column":9}},{"start":{"line":683,"column":15},"end":{"line":685,"column":9}}],"line":681},"48":{"loc":{"start":{"line":696,"column":8},"end":{"line":702,"column":9}},"type":"if","locations":[{"start":{"line":696,"column":8},"end":{"line":702,"column":9}},{"start":{"line":698,"column":15},"end":{"line":702,"column":9}}],"line":696},"49":{"loc":{"start":{"line":698,"column":15},"end":{"line":702,"column":9}},"type":"if","locations":[{"start":{"line":698,"column":15},"end":{"line":702,"column":9}},{"start":{"line":700,"column":15},"end":{"line":702,"column":9}}],"line":698},"50":{"loc":{"start":{"line":738,"column":8},"end":{"line":742,"column":9}},"type":"if","locations":[{"start":{"line":738,"column":8},"end":{"line":742,"column":9}},{"start":{"line":740,"column":15},"end":{"line":742,"column":9}}],"line":738},"51":{"loc":{"start":{"line":753,"column":8},"end":{"line":757,"column":9}},"type":"if","locations":[{"start":{"line":753,"column":8},"end":{"line":757,"column":9}},{"start":{"line":755,"column":15},"end":{"line":757,"column":9}}],"line":753},"52":{"loc":{"start":{"line":769,"column":8},"end":{"line":779,"column":9}},"type":"if","locations":[{"start":{"line":769,"column":8},"end":{"line":779,"column":9}},{"start":{"line":775,"column":15},"end":{"line":779,"column":9}}],"line":769},"53":{"loc":{"start":{"line":769,"column":12},"end":{"line":769,"column":65}},"type":"binary-expr","locations":[{"start":{"line":769,"column":12},"end":{"line":769,"column":39}},{"start":{"line":769,"column":43},"end":{"line":769,"column":65}}],"line":769},"54":{"loc":{"start":{"line":781,"column":8},"end":{"line":785,"column":9}},"type":"if","locations":[{"start":{"line":781,"column":8},"end":{"line":785,"column":9}},{"start":{"line":783,"column":15},"end":{"line":785,"column":9}}],"line":781},"55":{"loc":{"start":{"line":797,"column":8},"end":{"line":803,"column":9}},"type":"if","locations":[{"start":{"line":797,"column":8},"end":{"line":803,"column":9}},{"start":{"line":799,"column":15},"end":{"line":803,"column":9}}],"line":797},"56":{"loc":{"start":{"line":799,"column":15},"end":{"line":803,"column":9}},"type":"if","locations":[{"start":{"line":799,"column":15},"end":{"line":803,"column":9}},{"start":{"line":801,"column":15},"end":{"line":803,"column":9}}],"line":799},"57":{"loc":{"start":{"line":822,"column":8},"end":{"line":824,"column":9}},"type":"if","locations":[{"start":{"line":822,"column":8},"end":{"line":824,"column":9}},{"start":{},"end":{}}],"line":822},"58":{"loc":{"start":{"line":860,"column":8},"end":{"line":866,"column":9}},"type":"if","locations":[{"start":{"line":860,"column":8},"end":{"line":866,"column":9}},{"start":{"line":862,"column":15},"end":{"line":866,"column":9}}],"line":860},"59":{"loc":{"start":{"line":862,"column":15},"end":{"line":866,"column":9}},"type":"if","locations":[{"start":{"line":862,"column":15},"end":{"line":866,"column":9}},{"start":{"line":864,"column":15},"end":{"line":866,"column":9}}],"line":862},"60":{"loc":{"start":{"line":877,"column":8},"end":{"line":881,"column":9}},"type":"if","locations":[{"start":{"line":877,"column":8},"end":{"line":881,"column":9}},{"start":{"line":879,"column":15},"end":{"line":881,"column":9}}],"line":877},"61":{"loc":{"start":{"line":896,"column":8},"end":{"line":900,"column":9}},"type":"if","locations":[{"start":{"line":896,"column":8},"end":{"line":900,"column":9}},{"start":{"line":898,"column":15},"end":{"line":900,"column":9}}],"line":896},"62":{"loc":{"start":{"line":919,"column":8},"end":{"line":921,"column":9}},"type":"if","locations":[{"start":{"line":919,"column":8},"end":{"line":921,"column":9}},{"start":{},"end":{}}],"line":919},"63":{"loc":{"start":{"line":935,"column":8},"end":{"line":939,"column":9}},"type":"if","locations":[{"start":{"line":935,"column":8},"end":{"line":939,"column":9}},{"start":{"line":937,"column":15},"end":{"line":939,"column":9}}],"line":935},"64":{"loc":{"start":{"line":950,"column":8},"end":{"line":954,"column":9}},"type":"if","locations":[{"start":{"line":950,"column":8},"end":{"line":954,"column":9}},{"start":{"line":952,"column":15},"end":{"line":954,"column":9}}],"line":950},"65":{"loc":{"start":{"line":970,"column":8},"end":{"line":974,"column":9}},"type":"if","locations":[{"start":{"line":970,"column":8},"end":{"line":974,"column":9}},{"start":{"line":972,"column":15},"end":{"line":974,"column":9}}],"line":970},"66":{"loc":{"start":{"line":994,"column":8},"end":{"line":996,"column":9}},"type":"if","locations":[{"start":{"line":994,"column":8},"end":{"line":996,"column":9}},{"start":{},"end":{}}],"line":994},"67":{"loc":{"start":{"line":1010,"column":8},"end":{"line":1014,"column":9}},"type":"if","locations":[{"start":{"line":1010,"column":8},"end":{"line":1014,"column":9}},{"start":{"line":1012,"column":15},"end":{"line":1014,"column":9}}],"line":1010},"68":{"loc":{"start":{"line":1025,"column":8},"end":{"line":1029,"column":9}},"type":"if","locations":[{"start":{"line":1025,"column":8},"end":{"line":1029,"column":9}},{"start":{"line":1027,"column":15},"end":{"line":1029,"column":9}}],"line":1025}},"s":{"0":0,"1":0,"2":0,"3":0,"4":0,"5":0,"6":0,"7":0,"8":0,"9":0,"10":0,"11":0,"12":0,"13":0,"14":0,"15":0,"16":0,"17":0,"18":0,"19":0,"20":0,"21":0,"22":0,"23":0,"24":0,"25":0,"26":0,"27":0,"28":0,"29":0,"30":0,"31":0,"32":0,"33":0,"34":0,"35":0,"36":0,"37":0,"38":0,"39":0,"40":0,"41":0,"42":0,"43":0,"44":0,"45":0,"46":0,"47":0,"48":0,"49":0,"50":0,"51":0,"52":0,"53":0,"54":0,"55":0,"56":0,"57":0,"58":0,"59":0,"60":0,"61":0,"62":0,"63":0,"64":0,"65":0,"66":0,"67":0,"68":0,"69":0,"70":0,"71":0,"72":0,"73":0,"74":0,"75":0,"76":0,"77":0,"78":0,"79":0,"80":0,"81":0,"82":0,"83":0,"84":0,"85":0,"86":0,"87":0,"88":0,"89":0,"90":0,"91":0,"92":0,"93":0,"94":0,"95":0,"96":0,"97":0,"98":0,"99":0,"100":0,"101":0,"102":0,"103":0,"104":0,"105":0,"106":0,"107":0,"108":0,"109":0,"110":0,"111":0,"112":0,"113":0,"114":0,"115":0,"116":0,"117":0,"118":0,"119":0,"120":0,"121":0,"122":0,"123":0,"124":0,"125":0,"126":0,"127":0,"128":0,"129":0,"130":0,"131":0,"132":0,"133":0,"134":0,"135":0,"136":0,"137":0,"138":0,"139":0,"140":0,"141":0,"142":0,"143":0,"144":0,"145":0,"146":0,"147":0,"148":0,"149":0,"150":0,"151":0,"152":0,"153":0,"154":0,"155":0,"156":0,"157":0,"158":0,"159":0,"160":0,"161":0,"162":0,"163":0,"164":0,"165":0,"166":0,"167":0,"168":0,"169":0,"170":0,"171":0,"172":0,"173":0,"174":0,"175":0,"176":0,"177":0,"178":0,"179":0,"180":0,"181":0,"182":0,"183":0,"184":0,"185":0,"186":0,"187":0,"188":0,"189":0,"190":0,"191":0,"192":0,"193":0,"194":0,"195":0,"196":0,"197":0,"198":0,"199":0,"200":0,"201":0,"202":0,"203":0,"204":0,"205":0,"206":0,"207":0,"208":0,"209":0,"210":0,"211":0,"212":0,"213":0,"214":0,"215":0,"216":0,"217":0,"218":0,"219":0,"220":0,"221":0,"222":0,"223":0,"224":0,"225":0,"226":0,"227":0,"228":0,"229":0,"230":0,"231":0,"232":0,"233":0,"234":0,"235":0,"236":0,"237":0,"238":0,"239":0,"240":0,"241":0,"242":0,"243":0,"244":0,"245":0,"246":0,"247":0,"248":0,"249":0,"250":0,"251":0,"252":0,"253":0,"254":0,"255":0,"256":0,"257":0,"258":0,"259":0,"260":0,"261":0,"262":0,"263":0,"264":0,"265":0,"266":0,"267":0,"268":0,"269":0,"270":0,"271":0,"272":0,"273":0,"274":0,"275":0,"276":0,"277":0,"278":0,"279":0,"280":0,"281":0,"282":0,"283":0,"284":0,"285":0,"286":0,"287":0,"288":0,"289":0,"290":0,"291":0,"292":0,"293":0,"294":0,"295":0,"296":0,"297":0,"298":0,"299":0,"300":0,"301":0,"302":0,"303":0,"304":0,"305":0,"306":0,"307":0,"308":0,"309":0,"310":0,"311":0,"312":0,"313":0,"314":0,"315":0,"316":0,"317":0,"318":0,"319":0,"320":0,"321":0,"322":0,"323":0,"324":0,"325":0,"326":0,"327":0,"328":0,"329":0,"330":0,"331":0,"332":0,"333":0,"334":0,"335":0,"336":0,"337":0,"338":0,"339":0,"340":0,"341":0,"342":0,"343":0,"344":0,"345":0,"346":0,"347":0,"348":0,"349":0,"350":0,"351":0,"352":0,"353":0,"354":0,"355":0,"356":0,"357":0,"358":0,"359":0,"360":0,"361":0,"362":0,"363":0,"364":0,"365":0,"366":0,"367":0,"368":0,"369":0,"370":0,"371":0,"372":0,"373":0,"374":0,"375":0,"376":0,"377":0,"378":0,"379":0,"380":0,"381":0,"382":0,"383":0,"384":0,"385":0,"386":0,"387":0,"388":0,"389":0,"390":0,"391":0,"392":0,"393":0,"394":0,"395":0,"396":0,"397":0,"398":0,"399":0,"400":0,"401":0,"402":0,"403":0,"404":0,"405":0,"406":0,"407":0,"408":0,"409":0,"410":0,"411":0,"412":0,"413":0,"414":0,"415":0,"416":0,"417":0,"418":0,"419":0,"420":0,"421":0,"422":0,"423":0,"424":0,"425":0,"426":0,"427":0,"428":0,"429":0,"430":0,"431":0,"432":0,"433":0,"434":0,"435":0,"436":0,"437":0,"438":0,"439":0,"440":0,"441":0,"442":0,"443":0,"444":0,"445":0,"446":0,"447":0,"448":0,"449":0,"450":0,"451":0,"452":0},"f":{"0":0,"1":0,"2":0,"3":0,"4":0,"5":0,"6":0,"7":0,"8":0,"9":0,"10":0,"11":0,"12":0,"13":0,"14":0,"15":0,"16":0,"17":0,"18":0,"19":0,"20":0,"21":0,"22":0,"23":0,"24":0,"25":0,"26":0,"27":0,"28":0,"29":0,"30":0,"31":0,"32":0,"33":0,"34":0,"35":0,"36":0,"37":0,"38":0,"39":0,"40":0,"41":0,"42":0,"43":0,"44":0,"45":0,"46":0,"47":0,"48":0,"49":0,"50":0,"51":0,"52":0,"53":0,"54":0,"55":0,"56":0,"57":0,"58":0,"59":0,"60":0,"61":0,"62":0,"63":0,"64":0,"65":0,"66":0,"67":0,"68":0,"69":0,"70":0,"71":0,"72":0},"b":{"0":[0,0],"1":[0,0],"2":[0,0],"3":[0,0],"4":[0,0],"5":[0,0],"6":[0,0],"7":[0,0],"8":[0,0],"9":[0,0],"10":[0,0],"11":[0,0],"12":[0,0],"13":[0,0],"14":[0,0],"15":[0,0],"16":[0,0],"17":[0,0],"18":[0,0],"19":[0,0],"20":[0,0],"21":[0,0],"22":[0,0,0],"23":[0,0],"24":[0,0],"25":[0,0],"26":[0,0],"27":[0,0],"28":[0,0],"29":[0,0],"30":[0,0],"31":[0,0],"32":[0,0],"33":[0,0],"34":[0,0],"35":[0,0,0,0],"36":[0,0],"37":[0,0],"38":[0,0],"39":[0,0],"40":[0,0],"41":[0,0],"42":[0,0],"43":[0,0],"44":[0,0],"45":[0,0],"46":[0,0],"47":[0,0],"48":[0,0],"49":[0,0],"50":[0,0],"51":[0,0],"52":[0,0],"53":[0,0],"54":[0,0],"55":[0,0],"56":[0,0],"57":[0,0],"58":[0,0],"59":[0,0],"60":[0,0],"61":[0,0],"62":[0,0],"63":[0,0],"64":[0,0],"65":[0,0],"66":[0,0],"67":[0,0],"68":[0,0]}}
,"C:\\Users\\imenb\\OneDrive\\Desktop\\ProjetIntegrateur\\Planify1\\middleware\\auth.js": {"path":"C:\\Users\\imenb\\OneDrive\\Desktop\\ProjetIntegrateur\\Planify1\\middleware\\auth.js","statementMap":{"0":{"start":{"line":6,"column":23},"end":{"line":14,"column":1}},"1":{"start":{"line":7,"column":4},"end":{"line":9,"column":5}},"2":{"start":{"line":8,"column":8},"end":{"line":8,"column":22}},"3":{"start":{"line":10,"column":4},"end":{"line":12,"column":5}},"4":{"start":{"line":11,"column":8},"end":{"line":11,"column":92}},"5":{"start":{"line":13,"column":4},"end":{"line":13,"column":38}},"6":{"start":{"line":21,"column":17},"end":{"line":35,"column":1}},"7":{"start":{"line":22,"column":4},"end":{"line":24,"column":5}},"8":{"start":{"line":23,"column":8},"end":{"line":23,"column":22}},"9":{"start":{"line":25,"column":4},"end":{"line":30,"column":5}},"10":{"start":{"line":26,"column":8},"end":{"line":28,"column":9}},"11":{"start":{"line":27,"column":12},"end":{"line":27,"column":96}},"12":{"start":{"line":29,"column":8},"end":{"line":29,"column":42}},"13":{"start":{"line":31,"column":4},"end":{"line":33,"column":5}},"14":{"start":{"line":32,"column":8},"end":{"line":32,"column":94}},"15":{"start":{"line":34,"column":4},"end":{"line":34,"column":79}},"16":{"start":{"line":42,"column":30},"end":{"line":57,"column":1}},"17":{"start":{"line":43,"column":17},"end":{"line":43,"column":38}},"18":{"start":{"line":44,"column":4},"end":{"line":46,"column":5}},"19":{"start":{"line":45,"column":8},"end":{"line":45,"column":22}},"20":{"start":{"line":47,"column":4},"end":{"line":52,"column":5}},"21":{"start":{"line":48,"column":8},"end":{"line":50,"column":9}},"22":{"start":{"line":49,"column":12},"end":{"line":49,"column":96}},"23":{"start":{"line":51,"column":8},"end":{"line":51,"column":42}},"24":{"start":{"line":53,"column":4},"end":{"line":55,"column":5}},"25":{"start":{"line":54,"column":8},"end":{"line":54,"column":85}},"26":{"start":{"line":56,"column":4},"end":{"line":56,"column":70}}},"fnMap":{"0":{"name":"(anonymous_0)","decl":{"start":{"line":6,"column":23},"end":{"line":6,"column":24}},"loc":{"start":{"line":6,"column":43},"end":{"line":14,"column":1}},"line":6},"1":{"name":"(anonymous_1)","decl":{"start":{"line":21,"column":17},"end":{"line":21,"column":18}},"loc":{"start":{"line":21,"column":37},"end":{"line":35,"column":1}},"line":21},"2":{"name":"(anonymous_2)","decl":{"start":{"line":42,"column":30},"end":{"line":42,"column":31}},"loc":{"start":{"line":42,"column":50},"end":{"line":57,"column":1}},"line":42}},"branchMap":{"0":{"loc":{"start":{"line":7,"column":4},"end":{"line":9,"column":5}},"type":"if","locations":[{"start":{"line":7,"column":4},"end":{"line":9,"column":5}},{"start":{},"end":{}}],"line":7},"1":{"loc":{"start":{"line":10,"column":4},"end":{"line":12,"column":5}},"type":"if","locations":[{"start":{"line":10,"column":4},"end":{"line":12,"column":5}},{"start":{},"end":{}}],"line":10},"2":{"loc":{"start":{"line":22,"column":4},"end":{"line":24,"column":5}},"type":"if","locations":[{"start":{"line":22,"column":4},"end":{"line":24,"column":5}},{"start":{},"end":{}}],"line":22},"3":{"loc":{"start":{"line":22,"column":8},"end":{"line":22,"column":66}},"type":"binary-expr","locations":[{"start":{"line":22,"column":8},"end":{"line":22,"column":29}},{"start":{"line":22,"column":33},"end":{"line":22,"column":66}}],"line":22},"4":{"loc":{"start":{"line":25,"column":4},"end":{"line":30,"column":5}},"type":"if","locations":[{"start":{"line":25,"column":4},"end":{"line":30,"column":5}},{"start":{},"end":{}}],"line":25},"5":{"loc":{"start":{"line":26,"column":8},"end":{"line":28,"column":9}},"type":"if","locations":[{"start":{"line":26,"column":8},"end":{"line":28,"column":9}},{"start":{},"end":{}}],"line":26},"6":{"loc":{"start":{"line":31,"column":4},"end":{"line":33,"column":5}},"type":"if","locations":[{"start":{"line":31,"column":4},"end":{"line":33,"column":5}},{"start":{},"end":{}}],"line":31},"7":{"loc":{"start":{"line":44,"column":4},"end":{"line":46,"column":5}},"type":"if","locations":[{"start":{"line":44,"column":4},"end":{"line":46,"column":5}},{"start":{},"end":{}}],"line":44},"8":{"loc":{"start":{"line":44,"column":8},"end":{"line":44,"column":77}},"type":"binary-expr","locations":[{"start":{"line":44,"column":8},"end":{"line":44,"column":29}},{"start":{"line":44,"column":34},"end":{"line":44,"column":50}},{"start":{"line":44,"column":54},"end":{"line":44,"column":76}}],"line":44},"9":{"loc":{"start":{"line":47,"column":4},"end":{"line":52,"column":5}},"type":"if","locations":[{"start":{"line":47,"column":4},"end":{"line":52,"column":5}},{"start":{},"end":{}}],"line":47},"10":{"loc":{"start":{"line":48,"column":8},"end":{"line":50,"column":9}},"type":"if","locations":[{"start":{"line":48,"column":8},"end":{"line":50,"column":9}},{"start":{},"end":{}}],"line":48},"11":{"loc":{"start":{"line":53,"column":4},"end":{"line":55,"column":5}},"type":"if","locations":[{"start":{"line":53,"column":4},"end":{"line":55,"column":5}},{"start":{},"end":{}}],"line":53}},"s":{"0":1,"1":3,"2":1,"3":2,"4":1,"5":1,"6":1,"7":5,"8":1,"9":4,"10":2,"11":1,"12":1,"13":2,"14":1,"15":1,"16":1,"17":5,"18":5,"19":2,"20":3,"21":2,"22":1,"23":1,"24":1,"25":1,"26":0},"f":{"0":3,"1":5,"2":5},"b":{"0":[1,2],"1":[1,1],"2":[1,4],"3":[5,3],"4":[2,2],"5":[1,1],"6":[1,1],"7":[2,3],"8":[5,3,2],"9":[2,1],"10":[1,1],"11":[1,0]},"_coverageSchema":"1a1c01bbd47fc00a2c39e90264f33305004495a9","hash":"652ee37bac66501bcf72b6eb5d1b07db7a19fc1a"}
,"C:\\Users\\imenb\\OneDrive\\Desktop\\ProjetIntegrateur\\Planify1\\model\\affectation.js": {"path":"C:\\Users\\imenb\\OneDrive\\Desktop\\ProjetIntegrateur\\Planify1\\model\\affectation.js","statementMap":{"0":{"start":{"line":5,"column":15},"end":{"line":5,"column":33}},"1":{"start":{"line":13,"column":19},"end":{"line":13,"column":47}},"2":{"start":{"line":14,"column":4},"end":{"line":14,"column":22}},"3":{"start":{"line":24,"column":27},"end":{"line":24,"column":64}},"4":{"start":{"line":25,"column":27},"end":{"line":25,"column":64}},"5":{"start":{"line":27,"column":4},"end":{"line":27,"column":42}},"6":{"start":{"line":38,"column":29},"end":{"line":65,"column":1}},"7":{"start":{"line":40,"column":18},"end":{"line":43,"column":5}},"8":{"start":{"line":44,"column":4},"end":{"line":46,"column":5}},"9":{"start":{"line":45,"column":8},"end":{"line":45,"column":38}},"10":{"start":{"line":48,"column":29},"end":{"line":48,"column":78}},"11":{"start":{"line":51,"column":28},"end":{"line":51,"column":41}},"12":{"start":{"line":52,"column":29},"end":{"line":58,"column":6}},"13":{"start":{"line":60,"column":31},"end":{"line":60,"column":73}},"14":{"start":{"line":62,"column":4},"end":{"line":64,"column":7}},"15":{"start":{"line":63,"column":8},"end":{"line":63,"column":65}},"16":{"start":{"line":75,"column":34},"end":{"line":102,"column":1}},"17":{"start":{"line":77,"column":18},"end":{"line":80,"column":5}},"18":{"start":{"line":81,"column":4},"end":{"line":83,"column":5}},"19":{"start":{"line":82,"column":8},"end":{"line":82,"column":38}},"20":{"start":{"line":85,"column":29},"end":{"line":85,"column":78}},"21":{"start":{"line":88,"column":28},"end":{"line":88,"column":41}},"22":{"start":{"line":89,"column":29},"end":{"line":95,"column":6}},"23":{"start":{"line":97,"column":31},"end":{"line":97,"column":73}},"24":{"start":{"line":99,"column":4},"end":{"line":101,"column":7}},"25":{"start":{"line":100,"column":8},"end":{"line":100,"column":65}},"26":{"start":{"line":109,"column":28},"end":{"line":144,"column":1}},"27":{"start":{"line":110,"column":92},"end":{"line":110,"column":107}},"28":{"start":{"line":113,"column":25},"end":{"line":113,"column":91}},"29":{"start":{"line":114,"column":4},"end":{"line":116,"column":5}},"30":{"start":{"line":115,"column":8},"end":{"line":115,"column":96}},"31":{"start":{"line":119,"column":4},"end":{"line":125,"column":5}},"32":{"start":{"line":120,"column":27},"end":{"line":120,"column":103}},"33":{"start":{"line":121,"column":8},"end":{"line":123,"column":9}},"34":{"start":{"line":122,"column":12},"end":{"line":122,"column":113}},"35":{"start":{"line":127,"column":27},"end":{"line":142,"column":6}},"36":{"start":{"line":143,"column":4},"end":{"line":143,"column":26}},"37":{"start":{"line":154,"column":32},"end":{"line":213,"column":1}},"38":{"start":{"line":155,"column":83},"end":{"line":155,"column":98}},"39":{"start":{"line":158,"column":4},"end":{"line":160,"column":5}},"40":{"start":{"line":159,"column":8},"end":{"line":159,"column":62}},"41":{"start":{"line":163,"column":21},"end":{"line":166,"column":6}},"42":{"start":{"line":168,"column":4},"end":{"line":170,"column":5}},"43":{"start":{"line":169,"column":8},"end":{"line":169,"column":47}},"44":{"start":{"line":173,"column":22},"end":{"line":173,"column":50}},"45":{"start":{"line":174,"column":23},"end":{"line":174,"column":42}},"46":{"start":{"line":175,"column":23},"end":{"line":175,"column":44}},"47":{"start":{"line":176,"column":26},"end":{"line":176,"column":53}},"48":{"start":{"line":177,"column":4},"end":{"line":177,"column":65}},"49":{"start":{"line":179,"column":25},"end":{"line":179,"column":89}},"50":{"start":{"line":180,"column":4},"end":{"line":182,"column":5}},"51":{"start":{"line":181,"column":8},"end":{"line":181,"column":99}},"52":{"start":{"line":185,"column":4},"end":{"line":191,"column":5}},"53":{"start":{"line":186,"column":27},"end":{"line":186,"column":101}},"54":{"start":{"line":187,"column":8},"end":{"line":189,"column":9}},"55":{"start":{"line":188,"column":12},"end":{"line":188,"column":116}},"56":{"start":{"line":194,"column":27},"end":{"line":210,"column":6}},"57":{"start":{"line":212,"column":4},"end":{"line":212,"column":26}},"58":{"start":{"line":214,"column":27},"end":{"line":235,"column":1}},"59":{"start":{"line":215,"column":24},"end":{"line":217,"column":6}},"60":{"start":{"line":219,"column":4},"end":{"line":221,"column":5}},"61":{"start":{"line":220,"column":8},"end":{"line":220,"column":51}},"62":{"start":{"line":224,"column":23},"end":{"line":224,"column":113}},"63":{"start":{"line":225,"column":4},"end":{"line":227,"column":5}},"64":{"start":{"line":226,"column":8},"end":{"line":226,"column":109}},"65":{"start":{"line":229,"column":31},"end":{"line":232,"column":6}},"66":{"start":{"line":234,"column":4},"end":{"line":234,"column":30}},"67":{"start":{"line":241,"column":24},"end":{"line":249,"column":1}},"68":{"start":{"line":242,"column":4},"end":{"line":248,"column":7}},"69":{"start":{"line":256,"column":27},"end":{"line":265,"column":1}},"70":{"start":{"line":257,"column":4},"end":{"line":264,"column":7}},"71":{"start":{"line":272,"column":31},"end":{"line":280,"column":1}},"72":{"start":{"line":273,"column":4},"end":{"line":279,"column":7}},"73":{"start":{"line":287,"column":36},"end":{"line":295,"column":1}},"74":{"start":{"line":288,"column":4},"end":{"line":294,"column":7}},"75":{"start":{"line":303,"column":26},"end":{"line":357,"column":1}},"76":{"start":{"line":304,"column":24},"end":{"line":306,"column":6}},"77":{"start":{"line":308,"column":4},"end":{"line":310,"column":5}},"78":{"start":{"line":309,"column":8},"end":{"line":309,"column":51}},"79":{"start":{"line":313,"column":20},"end":{"line":313,"column":70}},"80":{"start":{"line":315,"column":20},"end":{"line":315,"column":131}},"81":{"start":{"line":317,"column":21},"end":{"line":317,"column":66}},"82":{"start":{"line":318,"column":21},"end":{"line":318,"column":87}},"83":{"start":{"line":319,"column":20},"end":{"line":319,"column":101}},"84":{"start":{"line":320,"column":24},"end":{"line":320,"column":99}},"85":{"start":{"line":323,"column":4},"end":{"line":328,"column":5}},"86":{"start":{"line":324,"column":29},"end":{"line":324,"column":88}},"87":{"start":{"line":325,"column":8},"end":{"line":327,"column":9}},"88":{"start":{"line":326,"column":12},"end":{"line":326,"column":100}},"89":{"start":{"line":331,"column":4},"end":{"line":336,"column":5}},"90":{"start":{"line":332,"column":27},"end":{"line":332,"column":90}},"91":{"start":{"line":333,"column":8},"end":{"line":335,"column":9}},"92":{"start":{"line":334,"column":12},"end":{"line":334,"column":113}},"93":{"start":{"line":338,"column":20},"end":{"line":354,"column":6}},"94":{"start":{"line":356,"column":4},"end":{"line":356,"column":19}},"95":{"start":{"line":364,"column":26},"end":{"line":378,"column":1}},"96":{"start":{"line":365,"column":24},"end":{"line":367,"column":6}},"97":{"start":{"line":369,"column":4},"end":{"line":371,"column":5}},"98":{"start":{"line":370,"column":8},"end":{"line":370,"column":51}},"99":{"start":{"line":373,"column":4},"end":{"line":375,"column":7}},"100":{"start":{"l
[...]
nd":{"line":62,"column":19}},"11":{"start":{"line":70,"column":24},"end":{"line":84,"column":1}},"12":{"start":{"line":71,"column":22},"end":{"line":73,"column":6}},"13":{"start":{"line":75,"column":4},"end":{"line":77,"column":5}},"14":{"start":{"line":76,"column":8},"end":{"line":76,"column":49}},"15":{"start":{"line":79,"column":4},"end":{"line":81,"column":7}},"16":{"start":{"line":83,"column":4},"end":{"line":83,"column":16}}},"fnMap":{"0":{"name":"(anonymous_0)","decl":{"start":{"line":14,"column":21},"end":{"line":14,"column":22}},"loc":{"start":{"line":14,"column":63},"end":{"line":23,"column":1}},"line":14},"1":{"name":"(anonymous_1)","decl":{"start":{"line":30,"column":24},"end":{"line":30,"column":25}},"loc":{"start":{"line":30,"column":47},"end":{"line":35,"column":1}},"line":30},"2":{"name":"(anonymous_2)","decl":{"start":{"line":42,"column":25},"end":{"line":42,"column":26}},"loc":{"start":{"line":42,"column":39},"end":{"line":46,"column":1}},"line":42},"3":{"name":"(anonymous_3)","decl":{"start":{"line":54,"column":24},"end":{"line":54,"column":25}},"loc":{"start":{"line":54,"column":44},"end":{"line":63,"column":1}},"line":54},"4":{"name":"(anonymous_4)","decl":{"start":{"line":70,"column":24},"end":{"line":70,"column":25}},"loc":{"start":{"line":70,"column":38},"end":{"line":84,"column":1}},"line":70}},"branchMap":{"0":{"loc":{"start":{"line":58,"column":18},"end":{"line":58,"column":61}},"type":"cond-expr","locations":[{"start":{"line":58,"column":30},"end":{"line":58,"column":49}},{"start":{"line":58,"column":52},"end":{"line":58,"column":61}}],"line":58},"1":{"loc":{"start":{"line":59,"column":25},"end":{"line":59,"column":54}},"type":"binary-expr","locations":[{"start":{"line":59,"column":25},"end":{"line":59,"column":41}},{"start":{"line":59,"column":45},"end":{"line":59,"column":54}}],"line":59},"2":{"loc":{"start":{"line":75,"column":4},"end":{"line":77,"column":5}},"type":"if","locations":[{"start":{"line":75,"column":4},"end":{"line":77,"column":5}},{"start":{},"end":{}}],"line":75}},"s":{"0":0,"1":0,"2":0,"3":0,"4":0,"5":0,"6":0,"7":0,"8":0,"9":0,"10":0,"11":0,"12":0,"13":0,"14":0,"15":0,"16":0},"f":{"0":0,"1":0,"2":0,"3":0,"4":0},"b":{"0":[0,0],"1":[0,0],"2":[0,0]}}
,"C:\\Users\\imenb\\OneDrive\\Desktop\\ProjetIntegrateur\\Planify1\\model\\professeur.js": {"path":"C:\\Users\\imenb\\OneDrive\\Desktop\\ProjetIntegrateur\\Planify1\\model\\professeur.js","statementMap":{"0":{"start":{"line":5,"column":15},"end":{"line":5,"column":33}},"1":{"start":{"line":12,"column":22},"end":{"line":24,"column":1}},"2":{"start":{"line":13,"column":51},"end":{"line":13,"column":65}},"3":{"start":{"line":15,"column":26},"end":{"line":22,"column":6}},"4":{"start":{"line":23,"column":4},"end":{"line":23,"column":25}},"5":{"start":{"line":31,"column":23},"end":{"line":50,"column":1}},"6":{"start":{"line":32,"column":39},"end":{"line":32,"column":46}},"7":{"start":{"line":34,"column":22},"end":{"line":34,"column":24}},"8":{"start":{"line":37,"column":4},"end":{"line":39,"column":5}},"9":{"start":{"line":38,"column":8},"end":{"line":38,"column":44}},"10":{"start":{"line":42,"column":20},"end":{"line":44,"column":17}},"11":{"start":{"line":46,"column":4},"end":{"line":49,"column":7}},"12":{"start":{"line":57,"column":26},"end":{"line":65,"column":1}},"13":{"start":{"line":58,"column":4},"end":{"line":64,"column":7}},"14":{"start":{"line":73,"column":25},"end":{"line":88,"column":1}},"15":{"start":{"line":74,"column":23},"end":{"line":76,"column":6}},"16":{"start":{"line":78,"column":4},"end":{"line":80,"column":5}},"17":{"start":{"line":79,"column":8},"end":{"line":79,"column":49}},"18":{"start":{"line":82,"column":30},"end":{"line":85,"column":6}},"19":{"start":{"line":87,"column":4},"end":{"line":87,"column":29}},"20":{"start":{"line":95,"column":25},"end":{"line":123,"column":1}},"21":{"start":{"line":96,"column":23},"end":{"line":107,"column":6}},"22":{"start":{"line":109,"column":4},"end":{"line":111,"column":5}},"23":{"start":{"line":110,"column":8},"end":{"line":110,"column":49}},"24":{"start":{"line":114,"column":4},"end":{"line":116,"column":5}},"25":{"start":{"line":115,"column":8},"end":{"line":115,"column":101}},"26":{"start":{"line":118,"column":4},"end":{"line":120,"column":7}},"27":{"start":{"line":122,"column":4},"end":{"line":122,"column":16}},"28":{"start":{"line":130,"column":35},"end":{"line":134,"column":1}},"29":{"start":{"line":131,"column":4},"end":{"line":133,"column":7}}},"fnMap":{"0":{"name":"(anonymous_0)","decl":{"start":{"line":12,"column":22},"end":{"line":12,"column":23}},"loc":{"start":{"line":12,"column":48},"end":{"line":24,"column":1}},"line":12},"1":{"name":"(anonymous_1)","decl":{"start":{"line":31,"column":23},"end":{"line":31,"column":24}},"loc":{"start":{"line":31,"column":47},"end":{"line":50,"column":1}},"line":31},"2":{"name":"(anonymous_2)","decl":{"start":{"line":57,"column":26},"end":{"line":57,"column":27}},"loc":{"start":{"line":57,"column":40},"end":{"line":65,"column":1}},"line":57},"3":{"name":"(anonymous_3)","decl":{"start":{"line":73,"column":25},"end":{"line":73,"column":26}},"loc":{"start":{"line":73,"column":55},"end":{"line":88,"column":1}},"line":73},"4":{"name":"(anonymous_4)","decl":{"start":{"line":95,"column":25},"end":{"line":95,"column":26}},"loc":{"start":{"line":95,"column":39},"end":{"line":123,"column":1}},"line":95},"5":{"name":"(anonymous_5)","decl":{"start":{"line":130,"column":35},"end":{"line":130,"column":36}},"loc":{"start":{"line":130,"column":57},"end":{"line":134,"column":1}},"line":130}},"branchMap":{"0":{"loc":{"start":{"line":31,"column":30},"end":{"line":31,"column":42}},"type":"default-arg","locations":[{"start":{"line":31,"column":40},"end":{"line":31,"column":42}}],"line":31},"1":{"loc":{"start":{"line":37,"column":4},"end":{"line":39,"column":5}},"type":"if","locations":[{"start":{"line":37,"column":4},"end":{"line":39,"column":5}},{"start":{},"end":{}}],"line":37},"2":{"loc":{"start":{"line":42,"column":20},"end":{"line":44,"column":17}},"type":"cond-expr","locations":[{"start":{"line":42,"column":33},"end":{"line":44,"column":5}},{"start":{"line":44,"column":8},"end":{"line":44,"column":17}}],"line":42},"3":{"loc":{"start":{"line":78,"column":4},"end":{"line":80,"column":5}},"type":"if","locations":[{"start":{"line":78,"column":4},"end":{"line":80,"column":5}},{"start":{},"end":{}}],"line":78},"4":{"loc":{"start":{"line":109,"column":4},"end":{"line":111,"column":5}},"type":"if","locations":[{"start":{"line":109,"column":4},"end":{"line":111,"column":5}},{"start":{},"end":{}}],"line":109},"5":{"loc":{"start":{"line":114,"column":4},"end":{"line":116,"column":5}},"type":"if","locations":[{"start":{"line":114,"column":4},"end":{"line":116,"column":5}},{"start":{},"end":{}}],"line":114},"6":{"loc":{"start":{"line":114,"column":8},"end":{"line":114,"column":69}},"type":"binary-expr","locations":[{"start":{"line":114,"column":8},"end":{"line":114,"column":31}},{"start":{"line":114,"column":35},"end":{"line":114,"column":69}}],"line":114}},"s":{"0":1,"1":1,"2":2,"3":2,"4":1,"5":1,"6":2,"7":2,"8":2,"9":1,"10":2,"11":2,"12":1,"13":2,"14":1,"15":2,"16":2,"17":1,"18":1,"19":1,"20":1,"21":2,"22":2,"23":1,"24":1,"25":0,"26":1,"27":1,"28":1,"29":0},"f":{"0":2,"1":2,"2":2,"3":2,"4":2,"5":0},"b":{"0":[1],"1":[1,1],"2":[0,2],"3":[1,1],"4":[1,1],"5":[0,1],"6":[1,1]},"_coverageSchema":"1a1c01bbd47fc00a2c39e90264f33305004495a9","hash":"d63216adbae4bca26fb4fc5f69985bde0bdccf67"}
,"C:\\Users\\imenb\\OneDrive\\Desktop\\ProjetIntegrateur\\Planify1\\model\\salle.js": {"path":"C:\\Users\\imenb\\OneDrive\\Desktop\\ProjetIntegrateur\\Planify1\\model\\salle.js","statementMap":{"0":{"start":{"line":5,"column":15},"end":{"line":5,"column":33}},"1":{"start":{"line":12,"column":17},"end":{"line":23,"column":1}},"2":{"start":{"line":13,"column":37},"end":{"line":13,"column":46}},"3":{"start":{"line":15,"column":21},"end":{"line":21,"column":6}},"4":{"start":{"line":22,"column":4},"end":{"line":22,"column":20}},"5":{"start":{"line":29,"column":18},"end":{"line":33,"column":1}},"6":{"start":{"line":30,"column":4},"end":{"line":32,"column":7}},"7":{"start":{"line":40,"column":21},"end":{"line":44,"column":1}},"8":{"start":{"line":41,"column":4},"end":{"line":43,"column":7}},"9":{"start":{"line":51,"column":24},"end":{"line":55,"column":1}},"10":{"start":{"line":52,"column":4},"end":{"line":54,"column":7}},"11":{"start":{"line":63,"column":20},"end":{"line":78,"column":1}},"12":{"start":{"line":64,"column":18},"end":{"line":66,"column":6}},"13":{"start":{"line":68,"column":4},"end":{"line":70,"column":5}},"14":{"start":{"line":69,"column":8},"end":{"line":69,"column":45}},"15":{"start":{"line":72,"column":25},"end":{"line":75,"column":6}},"16":{"start":{"line":77,"column":4},"end":{"line":77,"column":24}},"17":{"start":{"line":85,"column":20},"end":{"line":104,"column":1}},"18":{"start":{"line":86,"column":18},"end":{"line":89,"column":6}},"19":{"start":{"line":91,"column":4},"end":{"line":93,"column":5}},"20":{"start":{"line":92,"column":8},"end":{"line":92,"column":45}},"21":{"start":{"line":95,"column":4},"end":{"line":97,"column":5}},"22":{"start":{"line":96,"column":8},"end":{"line":96,"column":94}},"23":{"start":{"line":99,"column":4},"end":{"line":101,"column":7}},"24":{"start":{"line":103,"column":4},"end":{"line":103,"column":16}}},"fnMap":{"0":{"name":"(anonymous_0)","decl":{"start":{"line":12,"column":17},"end":{"line":12,"column":18}},"loc":{"start":{"line":12,"column":38},"end":{"line":23,"column":1}},"line":12},"1":{"name":"(anonymous_1)","decl":{"start":{"line":29,"column":18},"end":{"line":29,"column":19}},"loc":{"start":{"line":29,"column":30},"end":{"line":33,"column":1}},"line":29},"2":{"name":"(anonymous_2)","decl":{"start":{"line":40,"column":21},"end":{"line":40,"column":22}},"loc":{"start":{"line":40,"column":35},"end":{"line":44,"column":1}},"line":40},"3":{"name":"(anonymous_3)","decl":{"start":{"line":51,"column":24},"end":{"line":51,"column":25}},"loc":{"start":{"line":51,"column":40},"end":{"line":55,"column":1}},"line":51},"4":{"name":"(anonymous_4)","decl":{"start":{"line":63,"column":20},"end":{"line":63,"column":21}},"loc":{"start":{"line":63,"column":45},"end":{"line":78,"column":1}},"line":63},"5":{"name":"(anonymous_5)","decl":{"start":{"line":85,"column":20},"end":{"line":85,"column":21}},"loc":{"start":{"line":85,"column":34},"end":{"line":104,"column":1}},"line":85}},"branchMap":{"0":{"loc":{"start":{"line":68,"column":4},"end":{"line":70,"column":5}},"type":"if","locations":[{"start":{"line":68,"column":4},"end":{"line":70,"column":5}},{"start":{},"end":{}}],"line":68},"1":{"loc":{"start":{"line":91,"column":4},"end":{"line":93,"column":5}},"type":"if","locations":[{"start":{"line":91,"column":4},"end":{"line":93,"column":5}},{"start":{},"end":{}}],"line":91},"2":{"loc":{"start":{"line":95,"column":4},"end":{"line":97,"column":5}},"type":"if","locations":[{"start":{"line":95,"column":4},"end":{"line":97,"column":5}},{"start":{},"end":{}}],"line":95}},"s":{"0":1,"1":1,"2":2,"3":2,"4":1,"5":1,"6":2,"7":1,"8":2,"9":1,"10":2,"11":1,"12":2,"13":2,"14":1,"15":1,"16":1,"17":1,"18":3,"19":3,"20":1,"21":2,"22":1,"23":1,"24":1},"f":{"0":2,"1":2,"2":2,"3":2,"4":2,"5":3},"b":{"0":[1,1],"1":[1,2],"2":[1,1]},"_coverageSchema":"1a1c01bbd47fc00a2c39e90264f33305004495a9","hash":"341caf12386be5463ca9779e456d1226c7df9271"}
,"C:\\Users\\imenb\\OneDrive\\Desktop\\ProjetIntegrateur\\Planify1\\model\\semestre.js": {"path":"C:\\Users\\imenb\\OneDrive\\Desktop\\ProjetIntegrateur\\Planify1\\model\\semestre.js","statementMap":{"0":{"start":{"line":5,"column":15},"end":{"line":5,"column":33}},"1":{"start":{"line":14,"column":20},"end":{"line":23,"column":1}},"2":{"start":{"line":15,"column":24},"end":{"line":21,"column":6}},"3":{"start":{"line":22,"column":4},"end":{"line":22,"column":23}},"4":{"start":{"line":29,"column":21},"end":{"line":38,"column":1}},"5":{"start":{"line":30,"column":4},"end":{"line":37,"column":7}},"6":{"start":{"line":45,"column":24},"end":{"line":53,"column":1}},"7":{"start":{"line":46,"column":4},"end":{"line":52,"column":7}},"8":{"start":{"line":61,"column":23},"end":{"line":74,"column":1}},"9":{"start":{"line":62,"column":20},"end":{"line":72,"column":6}},"10":{"start":{"line":73,"column":4},"end":{"line":73,"column":19}},"11":{"start":{"line":81,"column":23},"end":{"line":95,"column":1}},"12":{"start":{"line":82,"column":21},"end":{"line":84,"column":6}},"13":{"start":{"line":86,"column":4},"end":{"line":88,"column":5}},"14":{"start":{"line":87,"column":8},"end":{"line":87,"column":47}},"15":{"start":{"line":90,"column":4},"end":{"line":92,"column":7}},"16":{"start":{"line":94,"column":4},"end":{"line":94,"column":16}}},"fnMap":{"0":{"name":"(anonymous_0)","decl":{"start":{"line":14,"column":20},"end":{"line":14,"column":21}},"loc":{"start":{"line":14,"column":55},"end":{"line":23,"column":1}},"line":14},"1":{"name":"(anonymous_1)","decl":{"start":{"line":29,"column":21},"end":{"line":29,"column":22}},"loc":{"start":{"line":29,"column":33},"end":{"line":38,"column":1}},"line":29},"2":{"name":"(anonymous_2)","decl":{"start":{"line":45,"column":24},"end":{"line":45,"column":25}},"loc":{"start":{"line":45,"column":38},"end":{"line":53,"column":1}},"line":45},"3":{"name":"(anonymous_3)","decl":{"start":{"line":61,"column":23},"end":{"line":61,"column":24}},"loc":{"start":{"line":61,"column":43},"end":{"line":74,"column":1}},"line":61},"4":{"name":"(anonymous_4)","decl":{"start":{"line":81,"column":23},"end":{"line":81,"column":24}},"loc":{"start":{"line":81,"column":37},"end":{"line":95,"column":1}},"line":81}},"branchMap":{"0":{"loc":{"start":{"line":65,"column":17},"end":{"line":65,"column":38}},"type":"binary-expr","locations":[{"start":{"line":65,"column":17},"end":{"line":65,"column":25}},{"start":{"line":65,"column":29},"end":{"line":65,"column":38}}],"line":65},"1":{"loc":{"start":{"line":66,"column":23},"end":{"line":66,"column":76}},"type":"cond-expr","locations":[{"start":{"line":66,"column":40},"end":{"line":66,"column":64}},{"start":{"line":66,"column":67},"end":{"line":66,"column":76}}],"line":66},"2":{"loc":{"start":{"line":67,"column":21},"end":{"line":67,"column":70}},"type":"cond-expr","locations":[{"start":{"line":67,"column":36},"end":{"line":67,"column":58}},{"start":{"line":67,"column":61},"end":{"line":67,"column":70}}],"line":67},"3":{"loc":{"start":{"line":86,"column":4},"end":{"line":88,"column":5}},"type":"if","locations":[{"start":{"line":86,"column":4},"end":{"line":88,"column":5}},{"start":{},"end":{}}],"line":86}},"s":{"0":0,"1":0,"2":0,"3":0,"4":0,"5":0,"6":0,"7":0,"8":0,"9":0,"10":0,"11":0,"12":0,"13":0,"14":0,"15":0,"16":0},"f":{"0":0,"1":0,"2":0,"3":0,"4":0},"b":{"0":[0,0],"1":[0,0],"2":[0,0],"3":[0,0]}}
,"C:\\Users\\imenb\\OneDrive\\Desktop\\ProjetIntegrateur\\Planify1\\model\\user.js": {"path":"C:\\Users\\imenb\\OneDrive\\Desktop\\ProjetIntegrateur\\Planify1\\model\\user.js","statementMap":{"0":{"start":{"line":5,"column":15},"end":{"line":5,"column":33}},"1":{"start":{"line":19,"column":19},"end":{"line":35,"column":1}},"2":{"start":{"line":22,"column":27},"end":{"line":22,"column":58}},"3":{"start":{"line":25,"column":20},"end":{"line":33,"column":6}},"4":{"start":{"line":34,"column":4},"end":{"line":34,"column":19}},"5":{"start":{"line":42,"column":23},"end":{"line":48,"column":1}},"6":{"start":{"line":44,"column":17},"end":{"line":46,"column":6}},"7":{"start":{"line":47,"column":4},"end":{"line":47,"column":16}},"8":{"start":{"line":54,"column":17},"end":{"line":66,"column":1}},"9":{"start":{"line":55,"column":4},"end":{"line":65,"column":7}},"10":{"start":{"line":73,"column":20},"end":{"line":85,"column":1}},"11":{"start":{"line":74,"column":4},"end":{"line":84,"column":7}},"12":{"start":{"line":93,"column":19},"end":{"line":118,"column":1}},"13":{"start":{"line":94,"column":17},"end":{"line":96,"column":6}},"14":{"start":{"line":98,"column":4},"end":{"line":100,"column":5}},"15":{"start":{"line":99,"column":8},"end":{"line":99,"column":50}},"16":{"start":{"line":102,"column":41},"end":{"line":102,"column":49}},"17":{"start":{"line":104,"column":24},"end":{"line":115,"column":6}},"18":{"start":{"line":117,"column":4},"end":{"line":117,"column":23}},"19":{"start":{"line":126,"column":19},"end":{"line":149,"column":1}},"20":{"start":{"line":127,"column":17},"end":{"line":129,"column":6}},"21":{"start":{"line":131,"column":4},"end":{"line":133,"column":5}},"22":{"start":{"line":132,"column":8},"end":{"line":132,"column":50}},"23":{"start":{"line":135,"column":24},"end":{"line":146,"column":6}},"24":{"start":{"line":148,"column":4},"end":{"line":148,"column":23}},"25":{"start":{"line":156,"column":19},"end":{"line":170,"column":1}},"26":{"start":{"line":157,"column":17},"end":{"line":159,"column":6}},"27":{"start":{"line":161,"column":4},"end":{"line":163,"column":5}},"28":{"start":{"line":162,"column":8},"end":{"line":162,"column":50}},"29":{"start":{"line":165,"column":4},"end":{"line":167,"column":7}},"30":{"start":{"line":169,"column":4},"end":{"line":169,"column":16}}},"fnMap":{"0":{"name":"(anonymous_0)","decl":{"start":{"line":19,"column":19},"end":{"line":19,"column":20}},"loc":{"start":{"line":19,"column":88},"end":{"line":35,"column":1}},"line":19},"1":{"name":"(anonymous_1)","decl":{"start":{"line":42,"column":23},"end":{"line":42,"column":24}},"loc":{"start":{"line":42,"column":40},"end":{"line":48,"column":1}},"line":42},"2":{"name":"(anonymous_2)","decl":{"start":{"line":54,"column":17},"end":{"line":54,"column":18}},"loc":{"start":{"line":54,"column":29},"end":{"line":66,"column":1}},"line":54},"3":{"name":"(anonymous_3)","decl":{"start":{"line":73,"column":20},"end":{"line":73,"column":21}},"loc":{"start":{"line":73,"column":34},"end":{"line":85,"column":1}},"line":73},"4":{"name":"(anonymous_4)","decl":{"start":{"line":93,"column":19},"end":{"line":93,"column":20}},"loc":{"start":{"line":93,"column":43},"end":{"line":118,"column":1}},"line":93},"5":{"name":"(anonymous_5)","decl":{"start":{"line":126,"column":19},"end":{"line":126,"column":20}},"loc":{"start":{"line":126,"column":39},"end":{"line":149,"column":1}},"line":126},"6":{"name":"(anonymous_6)","decl":{"start":{"line":156,"column":19},"end":{"line":156,"column":20}},"loc":{"start":{"line":156,"column":33},"end":{"line":170,"column":1}},"line":156}},"branchMap":{"0":{"loc":{"start":{"line":19,"column":43},"end":{"line":19,"column":56}},"type":"default-arg","locations":[{"start":{"line":19,"column":50},"end":{"line":19,"column":56}}],"line":19},"1":{"loc":{"start":{"line":19,"column":58},"end":{"line":19,"column":68}},"type":"default-arg","locations":[{"start":{"line":19,"column":64},"end":{"line":19,"column":68}}],"line":19},"2":{"loc":{"start":{"line":19,"column":70},"end":{"line":19,"column":83}},"type":"default-arg","locations":[{"start":{"line":19,"column":79},"end":{"line":19,"column":83}}],"line":19},"3":{"loc":{"start":{"line":98,"column":4},"end":{"line":100,"column":5}},"type":"if","locations":[{"start":{"line":98,"column":4},"end":{"line":100,"column":5}},{"start":{},"end":{}}],"line":98},"4":{"loc":{"start":{"line":131,"column":4},"end":{"line":133,"column":5}},"type":"if","locations":[{"start":{"line":131,"column":4},"end":{"line":133,"column":5}},{"start":{},"end":{}}],"line":131},"5":{"loc":{"start":{"line":161,"column":4},"end":{"line":163,"column":5}},"type":"if","locations":[{"start":{"line":161,"column":4},"end":{"line":163,"column":5}},{"start":{},"end":{}}],"line":161}},"s":{"0":2,"1":2,"2":9,"3":9,"4":4,"5":2,"6":7,"7":7,"8":2,"9":2,"10":2,"11":2,"12":2,"13":2,"14":2,"15":1,"16":1,"17":1,"18":1,"19":2,"20":0,"21":0,"22":0,"23":0,"24":0,"25":2,"26":0,"27":0,"28":0,"29":0,"30":0},"f":{"0":9,"1":7,"2":2,"3":2,"4":2,"5":0,"6":0},"b":{"0":[7],"1":[7],"2":[7],"3":[1,1],"4":[0,0],"5":[0,0]},"_coverageSchema":"1a1c01bbd47fc00a2c39e90264f33305004495a9","hash":"775e44eba3a8f1ff701d7e725c5c820579ab55e1"}
}
