TN:
SF:routes.js
FN:81,(anonymous_0)
FN:95,(anonymous_1)
FN:96,(anonymous_2)
FN:100,(anonymous_3)
FN:116,(anonymous_4)
FN:117,(anonymous_5)
FN:134,(anonymous_6)
FN:147,(anonymous_7)
FN:164,(anonymous_8)
FN:175,(anonymous_9)
FN:183,(anonymous_10)
FN:201,(anonymous_11)
FN:212,(anonymous_12)
FN:223,(anonymous_13)
FN:234,(anonymous_14)
FN:245,(anonymous_15)
FN:256,(anonymous_16)
FN:267,(anonymous_17)
FN:278,(anonymous_18)
FN:293,(anonymous_19)
FN:308,(anonymous_20)
FN:318,(anonymous_21)
FN:332,(anonymous_22)
FN:349,(anonymous_23)
FN:370,(anonymous_24)
FN:389,(anonymous_25)
FN:403,(anonymous_26)
FN:423,(anonymous_27)
FN:437,(anonymous_28)
FN:452,(anonymous_29)
FN:473,(anonymous_30)
FN:487,(anonymous_31)
FN:505,(anonymous_32)
FN:519,(anonymous_33)
FN:533,(anonymous_34)
FN:543,(anonymous_35)
FN:545,(anonymous_36)
FN:546,(anonymous_37)
FN:553,(anonymous_38)
FN:554,(anonymous_39)
FN:567,(anonymous_40)
FN:582,(anonymous_41)
FN:603,(anonymous_42)
FN:617,(anonymous_43)
FN:635,(anonymous_44)
FN:649,(anonymous_45)
FN:658,(anonymous_46)
FN:660,(anonymous_47)
FN:661,(anonymous_48)
FN:675,(anonymous_49)
FN:690,(anonymous_50)
FN:711,(anonymous_51)
FN:721,(anonymous_52)
FN:732,(anonymous_53)
FN:747,(anonymous_54)
FN:766,(anonymous_55)
FN:790,(anonymous_56)
FN:808,(anonymous_57)
FN:818,(anonymous_58)
FN:832,(anonymous_59)
FN:843,(anonymous_60)
FN:854,(anonymous_61)
FN:871,(anonymous_62)
FN:890,(anonymous_63)
FN:905,(anonymous_64)
FN:915,(anonymous_65)
FN:929,(anonymous_66)
FN:944,(anonymous_67)
FN:963,(anonymous_68)
FN:979,(anonymous_69)
FN:990,(anonymous_70)
FN:1004,(anonymous_71)
FN:1019,(anonymous_72)
FNF:73
FNH:0
FNDA:0,(anonymous_0)
FNDA:0,(anonymous_1)
FNDA:0,(anonymous_2)
FNDA:0,(anonymous_3)
FNDA:0,(anonymous_4)
FNDA:0,(anonymous_5)
FNDA:0,(anonymous_6)
FNDA:0,(anonymous_7)
FNDA:0,(anonymous_8)
FNDA:0,(anonymous_9)
FNDA:0,(anonymous_10)
FNDA:0,(anonymous_11)
FNDA:0,(anonymous_12)
FNDA:0,(anonymous_13)
FNDA:0,(anonymous_14)
FNDA:0,(anonymous_15)
FNDA:0,(anonymous_16)
FNDA:0,(anonymous_17)
FNDA:0,(anonymous_18)
FNDA:0,(anonymous_19)
FNDA:0,(anonymous_20)
FNDA:0,(anonymous_21)
FNDA:0,(anonymous_22)
FNDA:0,(anonymous_23)
FNDA:0,(anonymous_24)
FNDA:0,(anonymous_25)
FNDA:0,(anonymous_26)
FNDA:0,(anonymous_27)
FNDA:0,(anonymous_28)
FNDA:0,(anonymous_29)
FNDA:0,(anonymous_30)
FNDA:0,(anonymous_31)
FNDA:0,(anonymous_32)
FNDA:0,(anonymous_33)
FNDA:0,(anonymous_34)
FNDA:0,(anonymous_35)
FNDA:0,(anonymous_36)
FNDA:0,(anonymous_37)
FNDA:0,(anonymous_38)
FNDA:0,(anonymous_39)
FNDA:0,(anonymous_40)
FNDA:0,(anonymous_41)
FNDA:0,(anonymous_42)
FNDA:0,(anonymous_43)
FNDA:0,(anonymous_44)
FNDA:0,(anonymous_45)
FNDA:0,(anonymous_46)
FNDA:0,(anonymous_47)
FNDA:0,(anonymous_48)
FNDA:0,(anonymous_49)
FNDA:0,(anonymous_50)
FNDA:0,(anonymous_51)
FNDA:0,(anonymous_52)
FNDA:0,(anonymous_53)
FNDA:0,(anonymous_54)
FNDA:0,(anonymous_55)
FNDA:0,(anonymous_56)
FNDA:0,(anonymous_57)
FNDA:0,(anonymous_58)
FNDA:0,(anonymous_59)
FNDA:0,(anonymous_60)
FNDA:0,(anonymous_61)
FNDA:0,(anonymous_62)
FNDA:0,(anonymous_63)
FNDA:0,(anonymous_64)
FNDA:0,(anonymous_65)
FNDA:0,(anonymous_66)
FNDA:0,(anonymous_67)
FNDA:0,(anonymous_68)
FNDA:0,(anonymous_69)
FNDA:0,(anonymous_70)
FNDA:0,(anonymous_71)
FNDA:0,(anonymous_72)
DA:68,0
DA:81,0
DA:82,0
DA:83,0
DA:84,0
DA:86,0
DA:87,0
DA:89,0
DA:95,0
DA:96,0
DA:97,0
DA:98,0
DA:100,0
DA:101,0
DA:104,0
DA:105,0
DA:107,0
DA:116,0
DA:117,0
DA:118,0
DA:119,0
DA:122,0
DA:123,0
DA:124,0
DA:134,0
DA:135,0
DA:147,0
DA:148,0
DA:164,0
DA:165,0
DA:175,0
DA:176,0
DA:177,0
DA:178,0
DA:179,0
DA:180,0
DA:183,0
DA:184,0
DA:188,0
DA:196,0
DA:201,0
DA:202,0
DA:212,0
DA:213,0
DA:223,0
DA:224,0
DA:234,0
DA:235,0
DA:245,0
DA:246,0
DA:256,0
DA:257,0
DA:267,0
DA:268,0
DA:278,0
DA:279,0
DA:293,0
DA:294,0
DA:295,0
DA:296,0
DA:297,0
DA:299,0
DA:300,0
DA:302,0
DA:308,0
DA:309,0
DA:310,0
DA:311,0
DA:313,0
DA:318,0
DA:319,0
DA:320,0
DA:321,0
DA:322,0
DA:323,0
DA:325,0
DA:327,0
DA:332,0
DA:333,0
DA:334,0
DA:335,0
DA:336,0
DA:338,0
DA:339,0
DA:340,0
DA:341,0
DA:343,0
DA:349,0
DA:350,0
DA:351,0
DA:353,0
DA:354,0
DA:357,0
DA:358,0
DA:359,0
DA:361,0
DA:362,0
DA:364,0
DA:370,0
DA:371,0
DA:372,0
DA:373,0
DA:374,0
DA:376,0
DA:377,0
DA:379,0
DA:389,0
DA:390,0
DA:391,0
DA:392,0
DA:394,0
DA:395,0
DA:397,0
DA:403,0
DA:404,0
DA:405,0
DA:408,0
DA:409,0
DA:410,0
DA:411,0
DA:413,0
DA:416,0
DA:418,0
DA:423,0
DA:424,0
DA:425,0
DA:426,0
DA:427,0
DA:428,0
DA:430,0
DA:432,0
DA:437,0
DA:438,0
DA:439,0
DA:440,0
DA:441,0
DA:443,0
DA:444,0
DA:446,0
DA:452,0
DA:453,0
DA:454,0
DA:455,0
DA:456,0
DA:458,0
DA:459,0
DA:460,0
DA:461,0
DA:463,0
DA:473,0
DA:474,0
DA:475,0
DA:476,0
DA:478,0
DA:479,0
DA:481,0
DA:487,0
DA:488,0
DA:489,0
DA:492,0
DA:493,0
DA:495,0
DA:498,0
DA:500,0
DA:505,0
DA:506,0
DA:507,0
DA:508,0
DA:510,0
DA:511,0
DA:512,0
DA:514,0
DA:519,0
DA:520,0
DA:521,0
DA:522,0
DA:523,0
DA:524,0
DA:526,0
DA:528,0
DA:533,0
DA:534,0
DA:535,0
DA:536,0
DA:537,0
DA:538,0
DA:540,0
DA:542,0
DA:543,0
DA:544,0
DA:545,0
DA:546,0
DA:547,0
DA:550,0
DA:551,0
DA:552,0
DA:553,0
DA:554,0
DA:555,0
DA:557,0
DA:562,0
DA:567,0
DA:568,0
DA:569,0
DA:570,0
DA:571,0
DA:573,0
DA:574,0
DA:576,0
DA:582,0
DA:583,0
DA:584,0
DA:585,0
DA:586,0
DA:588,0
DA:589,0
DA:590,0
DA:591,0
DA:593,0
DA:603,0
DA:604,0
DA:605,0
DA:606,0
DA:608,0
DA:609,0
DA:611,0
DA:617,0
DA:618,0
DA:619,0
DA:622,0
DA:623,0
DA:625,0
DA:628,0
DA:630,0
DA:635,0
DA:636,0
DA:637,0
DA:638,0
DA:639,0
DA:640,0
DA:642,0
DA:644,0
DA:649,0
DA:650,0
DA:651,0
DA:652,0
DA:653,0
DA:654,0
DA:657,0
DA:658,0
DA:659,0
DA:660,0
DA:661,0
DA:662,0
DA:664,0
DA:665,0
DA:670,0
DA:675,0
DA:676,0
DA:677,0
DA:678,0
DA:679,0
DA:681,0
DA:682,0
DA:684,0
DA:690,0
DA:691,0
DA:692,0
DA:693,0
DA:694,0
DA:696,0
DA:697,0
DA:698,0
DA:699,0
DA:701,0
DA:711,0
DA:712,0
DA:713,0
DA:714,0
DA:716,0
DA:721,0
DA:722,0
DA:723,0
DA:724,0
DA:725,0
DA:727,0
DA:732,0
DA:733,0
DA:734,0
DA:735,0
DA:736,0
DA:738,0
DA:739,0
DA:741,0
DA:747,0
DA:748,0
DA:749,0
DA:750,0
DA:751,0
DA:753,0
DA:754,0
DA:756,0
DA:766,0
DA:767,0
DA:769,0
DA:770,0
DA:771,0
DA:777,0
DA:778,0
DA:781,0
DA:782,0
DA:784,0
DA:790,0
DA:791,0
DA:792,0
DA:793,0
DA:794,0
DA:795,0
DA:797,0
DA:798,0
DA:799,0
DA:800,0
DA:802,0
DA:808,0
DA:809,0
DA:810,0
DA:811,0
DA:813,0
DA:818,0
DA:819,0
DA:820,0
DA:821,0
DA:822,0
DA:823,0
DA:825,0
DA:827,0
DA:832,0
DA:833,0
DA:834,0
DA:835,0
DA:836,0
DA:838,0
DA:843,0
DA:844,0
DA:845,0
DA:846,0
DA:847,0
DA:849,0
DA:854,0
DA:855,0
DA:856,0
DA:857,0
DA:858,0
DA:860,0
DA:861,0
DA:862,0
DA:863,0
DA:865,0
DA:871,0
DA:872,0
DA:873,0
DA:874,0
DA:875,0
DA:877,0
DA:878,0
DA:880,0
DA:890,0
DA:891,0
DA:892,0
DA:893,0
DA:894,0
DA:896,0
DA:897,0
DA:899,0
DA:905,0
DA:906,0
DA:907,0
DA:908,0
DA:910,0
DA:915,0
DA:916,0
DA:917,0
DA:918,0
DA:919,0
DA:920,0
DA:922,0
DA:924,0
DA:929,0
DA:930,0
DA:931,0
DA:932,0
DA:933,0
DA:935,0
DA:936,0
DA:938,0
DA:944,0
DA:945,0
DA:946,0
DA:947,0
DA:948,0
DA:950,0
DA:951,0
DA:953,0
DA:963,0
DA:964,0
DA:965,0
DA:966,0
DA:967,0
DA:968,0
DA:970,0
DA:971,0
DA:973,0
DA:979,0
DA:980,0
DA:981,0
DA:982,0
DA:983,0
DA:985,0
DA:990,0
DA:991,0
DA:992,0
DA:993,0
DA:994,0
DA:995,0
DA:997,0
DA:999,0
DA:1004,0
DA:1005,0
DA:1006,0
DA:1007,0
DA:1008,0
DA:1010,0
DA:1011,0
DA:1013,0
DA:1019,0
DA:1020,0
DA:1021,0
DA:1022,0
DA:1023,0
DA:1025,0
DA:1026,0
DA:1028,0
LF:442
LH:0
BRDA:86,0,0,0
BRDA:86,0,1,0
BRDA:97,1,0,0
BRDA:97,1,1,0
BRDA:98,2,0,0
BRDA:98,2,1,0
BRDA:101,3,0,0
BRDA:101,3,1,0
BRDA:118,4,0,0
BRDA:118,4,1,0
BRDA:141,5,0,0
BRDA:141,5,1,0
BRDA:154,6,0,0
BRDA:154,6,1,0
BRDA:169,7,0,0
BRDA:169,7,1,0
BRDA:184,8,0,0
BRDA:184,8,1,0
BRDA:206,9,0,0
BRDA:206,9,1,0
BRDA:217,10,0,0
BRDA:217,10,1,0
BRDA:228,11,0,0
BRDA:228,11,1,0
BRDA:239,12,0,0
BRDA:239,12,1,0
BRDA:250,13,0,0
BRDA:250,13,1,0
BRDA:261,14,0,0
BRDA:261,14,1,0
BRDA:272,15,0,0
BRDA:272,15,1,0
BRDA:283,16,0,0
BRDA:283,16,1,0
BRDA:299,17,0,0
BRDA:299,17,1,0
BRDA:322,18,0,0
BRDA:322,18,1,0
BRDA:338,19,0,0
BRDA:338,19,1,0
BRDA:340,20,0,0
BRDA:340,20,1,0
BRDA:353,21,0,0
BRDA:353,21,1,0
BRDA:353,22,0,0
BRDA:353,22,1,0
BRDA:353,22,2,0
BRDA:361,23,0,0
BRDA:361,23,1,0
BRDA:376,24,0,0
BRDA:376,24,1,0
BRDA:394,25,0,0
BRDA:394,25,1,0
BRDA:408,26,0,0
BRDA:408,26,1,0
BRDA:410,27,0,0
BRDA:410,27,1,0
BRDA:427,28,0,0
BRDA:427,28,1,0
BRDA:443,29,0,0
BRDA:443,29,1,0
BRDA:458,30,0,0
BRDA:458,30,1,0
BRDA:460,31,0,0
BRDA:460,31,1,0
BRDA:478,32,0,0
BRDA:478,32,1,0
BRDA:492,33,0,0
BRDA:492,33,1,0
BRDA:507,34,0,0
BRDA:507,34,1,0
BRDA:507,35,0,0
BRDA:507,35,1,0
BRDA:507,35,2,0
BRDA:507,35,3,0
BRDA:523,36,0,0
BRDA:523,36,1,0
BRDA:537,37,0,0
BRDA:537,37,1,0
BRDA:559,38,0,0
BRDA:559,38,1,0
BRDA:573,39,0,0
BRDA:573,39,1,0
BRDA:588,40,0,0
BRDA:588,40,1,0
BRDA:590,41,0,0
BRDA:590,41,1,0
BRDA:608,42,0,0
BRDA:608,42,1,0
BRDA:622,43,0,0
BRDA:622,43,1,0
BRDA:639,44,0,0
BRDA:639,44,1,0
BRDA:653,45,0,0
BRDA:653,45,1,0
BRDA:658,46,0,0
BRDA:658,46,1,0
BRDA:681,47,0,0
BRDA:681,47,1,0
BRDA:696,48,0,0
BRDA:696,48,1,0
BRDA:698,49,0,0
BRDA:698,49,1,0
BRDA:738,50,0,0
BRDA:738,50,1,0
BRDA:753,51,0,0
BRDA:753,51,1,0
BRDA:769,52,0,0
BRDA:769,52,1,0
BRDA:769,53,0,0
BRDA:769,53,1,0
BRDA:781,54,0,0
BRDA:781,54,1,0
BRDA:797,55,0,0
BRDA:797,55,1,0
BRDA:799,56,0,0
BRDA:799,56,1,0
BRDA:822,57,0,0
BRDA:822,57,1,0
BRDA:860,58,0,0
BRDA:860,58,1,0
BRDA:862,59,0,0
BRDA:862,59,1,0
BRDA:877,60,0,0
BRDA:877,60,1,0
BRDA:896,61,0,0
BRDA:896,61,1,0
BRDA:919,62,0,0
BRDA:919,62,1,0
BRDA:935,63,0,0
BRDA:935,63,1,0
BRDA:950,64,0,0
BRDA:950,64,1,0
BRDA:970,65,0,0
BRDA:970,65,1,0
BRDA:994,66,0,0
BRDA:994,66,1,0
BRDA:1010,67,0,0
BRDA:1010,67,1,0
BRDA:1025,68,0,0
BRDA:1025,68,1,0
BRF:141
BRH:0
end_of_record
TN:
SF:middleware\auth.js
FN:6,(anonymous_0)
FN:21,(anonymous_1)
FN:42,(anonymous_2)
FNF:3
FNH:3
FNDA:3,(anonymous_0)
FNDA:5,(anonymous_1)
FNDA:5,(anonymous_2)
DA:6,1
DA:7,3
DA:8,1
DA:10,2
DA:11,1
DA:13,1
DA:21,1
DA:22,5
DA:23,1
DA:25,4
DA:26,2
DA:27,1
DA:29,1
DA:31,2
DA:32,1
DA:34,1
DA:42,1
DA:43,5
DA:44,5
DA:45,2
DA:47,3
DA:48,2
DA:49,1
DA:51,1
DA:53,1
DA:54,1
DA:56,0
LF:27
LH:26
BRDA:7,0,0,1
BRDA:7,0,1,2
BRDA:10,1,0,1
BRDA:10,1,1,1
BRDA:22,2,0,1
BRDA:22,2,1,4
BRDA:22,3,0,5
BRDA:22,3,1,3
BRDA:25,4,0,2
BRDA:25,4,1,2
BRDA:26,5,0,1
BRDA:26,5,1,1
BRDA:31,6,0,1
BRDA:31,6,1,1
BRDA:44,7,0,2
BRDA:44,7,1,3
BRDA:44,8,0,5
BRDA:44,8,1,3
BRDA:44,8,2,2
BRDA:47,9,0,2
BRDA:47,9,1,1
BRDA:48,10,0,1
BRDA:48,10,1,1
BRDA:53,11,0,1
BRDA:53,11,1,0
BRF:25
BRH:24
end_of_record
TN:
SF:model\affectation.js
FN:12,heureEnMinutes
FN:23,plagesSeChevauchent
FN:38,(anonymous_2)
FN:62,(anonymous_3)
FN:75,(anonymous_4)
FN:99,(anonymous_5)
FN:109,(anonymous_6)
FN:154,(anonymous_7)
FN:214,(anonymous_8)
FN:241,(anonymous_9)
FN:256,(anonymous_10)
FN:272,(anonymous_11)
FN:287,(anonymous_12)
FN:303,(anonymous_13)
FN:364,(anonymous_14)
FN:386,(anonymous_15)
FN:395,(anonymous_16)
FN:416,(anonymous_17)
FN:425,(anonymous_18)
FN:449,(anonymous_19)
FN:462,(anonymous_20)
FN:463,(anonymous_21)
FN:466,(anonymous_22)
FN:485,(anonymous_23)
FN:486,(anonymous_24)
FN:495,(anonymous_25)
FN:506,(anonymous_26)
FNF:27
FNH:0
FNDA:0,heureEnMinutes
FNDA:0,plagesSeChevauchent
FNDA:0,(anonymous_2)
FNDA:0,(anonymous_3)
FNDA:0,(anonymous_4)
FNDA:0,(anonymous_5)
FNDA:0,(anonymous_6)
FNDA:0,(anonymous_7)
FNDA:0,(anonymous_8)
FNDA:0,(anonymous_9)
FNDA:0,(anonymous_10)
FNDA:0,(anonymous_11)
FNDA:0,(anonymous_12)
FNDA:0,(anonymous_13)
FNDA:0,(anonymous_14)
FNDA:0,(anonymous_15)
FNDA:0,(anonymous_16)
FNDA:0,(anonymous_17)
FNDA:0,(anonymous_18)
FNDA:0,(anonymous_19)
FNDA:0,(anonymous_20)
FNDA:0,(anonymous_21)
FNDA:0,(anonymous_22)
FNDA:0,(anonymous_23)
FNDA:0,(anonymous_24)
FNDA:0,(anonymous_25)
FNDA:0,(anonymous_26)
DA:5,0
DA:13,0
DA:14,0
DA:24,0
DA:25,0
DA:27,0
DA:38,0
DA:40,0
DA:44,0
DA:45,0
DA:48,0
DA:51,0
DA:52,0
DA:60,0
DA:62,0
DA:63,0
DA:75,0
DA:77,0
DA:81,0
DA:82,0
DA:85,0
DA:88,0
DA:89,0
DA:97,0
DA:99,0
DA:100,0
DA:109,0
DA:110,0
DA:113,0
DA:114,0
DA:115,0
DA:119,0
DA:120,0
DA:121,0
DA:122,0
DA:127,0
DA:143,0
DA:154,0
DA:155,0
DA:158,0
DA:159,0
DA:163,0
DA:168,0
DA:169,0
DA:173,0
DA:174,0
DA:175,0
DA:176,0
DA:177,0
DA:179,0
DA:180,0
DA:181,0
DA:185,0
DA:186,0
DA:187,0
DA:188,0
DA:194,0
DA:212,0
DA:214,0
DA:215,0
DA:219,0
DA:220,0
DA:224,0
DA:225,0
DA:226,0
DA:229,0
DA:234,0
DA:241,0
DA:242,0
DA:256,0
DA:257,0
DA:272,0
DA:273,0
DA:287,0
DA:288,0
DA:303,0
DA:304,0
DA:308,0
DA:309,0
DA:313,0
DA:315,0
DA:317,0
DA:318,0
DA:319,0
DA:320,0
DA:323,0
DA:324,0
DA:325,0
DA:326,0
DA:331,0
DA:332,0
DA:333,0
DA:334,0
DA:338,0
DA:356,0
DA:364,0
DA:365,0
DA:369,0
DA:370,0
DA:373,0
DA:377,0
DA:386,0
DA:387,0
DA:394,0
DA:395,0
DA:396,0
DA:397,0
DA:398,0
DA:400,0
DA:403,0
DA:407,0
DA:416,0
DA:417,0
DA:424,0
DA:425,0
DA:426,0
DA:427,0
DA:428,0
DA:430,0
DA:433,0
DA:437,0
DA:449,0
DA:450,0
DA:451,0
DA:452,0
DA:453,0
DA:454,0
DA:457,0
DA:462,0
DA:463,0
DA:466,0
DA:468,0
DA:469,0
DA:473,0
DA:474,0
DA:475,0
DA:477,0
DA:478,0
DA:485,0
DA:486,0
DA:487,0
DA:488,0
DA:490,0
DA:491,0
DA:492,0
DA:495,0
DA:498,0
DA:499,0
DA:500,0
DA:502,0
DA:506,0
LF:151
LH:0
BRDA:27,0,0,0
BRDA:27,0,1,0
BRDA:38,1,0,0
BRDA:44,2,0,0
BRDA:44,2,1,0
BRDA:75,3,0,0
BRDA:81,4,0,0
BRDA:81,4,1,0
BRDA:114,5,0,0
BRDA:114,5,1,0
BRDA:119,6,0,0
BRDA:119,6,1,0
BRDA:121,7,0,0
BRDA:121,7,1,0
BRDA:131,8,0,0
BRDA:131,8,1,0
BRDA:132,9,0,0
BRDA:132,9,1,0
BRDA:135,10,0,0
BRDA:135,10,1,0
BRDA:158,11,0,0
BRDA:158,11,1,0
BRDA:158,12,0,0
BRDA:158,12,1,0
BRDA:158,12,2,0
BRDA:168,13,0,0
BRDA:168,13,1,0
BRDA:180,14,0,0
BRDA:180,14,1,0
BRDA:185,15,0,0
BRDA:185,15,1,0
BRDA:187,16,0,0
BRDA:187,16,1,0
BRDA:198,17,0,0
BRDA:198,17,1,0
BRDA:219,18,0,0
BRDA:219,18,1,0
BRDA:225,19,0,0
BRDA:225,19,1,0
BRDA:308,20,0,0
BRDA:308,20,1,0
BRDA:313,21,0,0
BRDA:313,21,1,0
BRDA:315,22,0,0
BRDA:315,22,1,0
BRDA:315,23,0,0
BRDA:315,23,1,0
BRDA:317,24,0,0
BRDA:317,24,1,0
BRDA:318,25,0,0
BRDA:318,25,1,0
BRDA:319,26,0,0
BRDA:319,26,1,0
BRDA:320,27,0,0
BRDA:320,27,1,0
BRDA:323,28,0,0
BRDA:323,28,1,0
BRDA:323,29,0,0
BRDA:323,29,1,0
BRDA:325,30,0,0
BRDA:325,30,1,0
BRDA:331,31,0,0
BRDA:331,31,1,0
BRDA:331,32,0,0
BRDA:331,32,1,0
BRDA:333,33,0,0
BRDA:333,33,1,0
BRDA:341,34,0,0
BRDA:341,34,1,0
BRDA:345,35,0,0
BRDA:345,35,1,0
BRDA:369,36,0,0
BRDA:369,36,1,0
BRDA:398,37,0,0
BRDA:398,37,1,0
BRDA:398,38,0,0
BRDA:398,38,1,0
BRDA:428,39,0,0
BRDA:428,39,1,0
BRDA:428,40,0,0
BRDA:428,40,1,0
BRDA:468,41,0,0
BRDA:468,41,1,0
BRDA:477,42,0,0
BRDA:477,42,1,0
BRDA:477,43,0,0
BRDA:477,43,1,0
BRDA:498,44,0,0
BRDA:498,44,1,0
BRDA:499,45,0,0
BRDA:499,45,1,0
BRF:91
BRH:0
end_of_record
TN:
SF:model\cours.js
FN:12,(anonymous_0)
FN:32,(anonymous_1)
FN:43,(anonymous_2)
FN:55,(anonymous_3)
FN:77,(anonymous_4)
FN:103,(anonymous_5)
FN:114,(anonymous_6)
FNF:7
FNH:5
FNDA:5,(anonymous_0)
FNDA:3,(anonymous_1)
FNDA:5,(anonymous_2)
FNDA:3,(anonymous_3)
FNDA:5,(anonymous_4)
FNDA:0,(anonymous_5)
FNDA:0,(anonymous_6)
DA:5,2
DA:12,2
DA:13,5
DA:15,5
DA:25,2
DA:32,2
DA:33,3
DA:43,2
DA:44,5
DA:55,2
DA:56,3
DA:60,3
DA:61,1
DA:64,2
DA:69,2
DA:77,2
DA:78,5
DA:83,5
DA:84,1
DA:87,4
DA:88,2
DA:91,2
DA:95,2
DA:103,2
DA:104,0
DA:114,2
DA:115,0
LF:27
LH:25
BRDA:60,0,0,1
BRDA:60,0,1,2
BRDA:83,1,0,1
BRDA:83,1,1,4
BRDA:87,2,0,2
BRDA:87,2,1,2
BRF:6
BRH:6
end_of_record
TN:
SF:model\disponibilite.js
FN:7,heureEnMinutes
FN:21,verifierConflitAvecAffectations
FN:55,(anonymous_2)
FN:78,(anonymous_3)
FN:90,(anonymous_4)
FN:112,(anonymous_5)
FNF:6
FNH:0
FNDA:0,heureEnMinutes
FNDA:0,verifierConflitAvecAffectations
FNDA:0,(anonymous_2)
FNDA:0,(anonymous_3)
FNDA:0,(anonymous_4)
FNDA:0,(anonymous_5)
DA:5,0
DA:8,0
DA:9,0
DA:12,0
DA:22,0
DA:23,0
DA:25,0
DA:27,0
DA:32,0
DA:33,0
DA:34,0
DA:35,0
DA:36,0
DA:37,0
DA:39,0
DA:41,0
DA:42,0
DA:43,0
DA:55,0
DA:56,0
DA:58,0
DA:59,0
DA:62,0
DA:70,0
DA:78,0
DA:79,0
DA:90,0
DA:91,0
DA:95,0
DA:96,0
DA:99,0
DA:104,0
DA:112,0
DA:113,0
DA:117,0
DA:118,0
DA:121,0
DA:125,0
LF:38
LH:0
BRDA:23,0,0,0
BRDA:23,0,1,0
BRDA:34,1,0,0
BRDA:34,1,1,0
BRDA:34,2,0,0
BRDA:34,2,1,0
BRDA:36,3,0,0
BRDA:36,3,1,0
BRDA:39,4,0,0
BRDA:39,4,1,0
BRDA:42,5,0,0
BRDA:42,5,1,0
BRDA:42,6,0,0
BRDA:42,6,1,0
BRDA:44,7,0,0
BRDA:44,7,1,0
BRDA:58,8,0,0
BRDA:58,8,1,0
BRDA:95,9,0,0
BRDA:95,9,1,0
BRDA:117,10,0,0
BRDA:117,10,1,0
BRF:22
BRH:0
end_of_record
TN:
SF:model\jourferie.js
FN:14,(anonymous_0)
FN:30,(anonymous_1)
FN:42,(anonymous_2)
FN:54,(anonymous_3)
FN:70,(anonymous_4)
FNF:5
FNH:0
FNDA:0,(anonymous_0)
FNDA:0,(anonymous_1)
FNDA:0,(anonymous_2)
FNDA:0,(anonymous_3)
FNDA:0,(anonymous_4)
DA:5,0
DA:14,0
DA:15,0
DA:22,0
DA:30,0
DA:31,0
DA:42,0
DA:43,0
DA:54,0
DA:55,0
DA:62,0
DA:70,0
DA:71,0
DA:75,0
DA:76,0
DA:79,0
DA:83,0
LF:17
LH:0
BRDA:58,0,0,0
BRDA:58,0,1,0
BRDA:59,1,0,0
BRDA:59,1,1,0
BRDA:75,2,0,0
BRDA:75,2,1,0
BRF:6
BRH:0
end_of_record
TN:
SF:model\professeur.js
FN:12,(anonymous_0)
FN:31,(anonymous_1)
FN:57,(anonymous_2)
FN:73,(anonymous_3)
FN:95,(anonymous_4)
FN:130,(anonymous_5)
FNF:6
FNH:5
FNDA:2,(anonymous_0)
FNDA:2,(anonymous_1)
FNDA:2,(anonymous_2)
FNDA:2,(anonymous_3)
FNDA:2,(anonymous_4)
FNDA:0,(anonymous_5)
DA:5,1
DA:12,1
DA:13,2
DA:15,2
DA:23,1
DA:31,1
DA:32,2
DA:34,2
DA:37,2
DA:38,1
DA:42,2
DA:46,2
DA:57,1
DA:58,2
DA:73,1
DA:74,2
DA:78,2
DA:79,1
DA:82,1
DA:87,1
DA:95,1
DA:96,2
DA:109,2
DA:110,1
DA:114,1
DA:115,0
DA:118,1
DA:122,1
DA:130,1
DA:131,0
LF:30
LH:28
BRDA:31,0,0,1
BRDA:37,1,0,1
BRDA:37,1,1,1
BRDA:42,2,0,0
BRDA:42,2,1,2
BRDA:78,3,0,1
BRDA:78,3,1,1
BRDA:109,4,0,1
BRDA:109,4,1,1
BRDA:114,5,0,0
BRDA:114,5,1,1
BRDA:114,6,0,1
BRDA:114,6,1,1
BRF:13
BRH:11
end_of_record
TN:
SF:model\salle.js
FN:12,(anonymous_0)
FN:29,(anonymous_1)
FN:40,(anonymous_2)
FN:51,(anonymous_3)
FN:63,(anonymous_4)
FN:85,(anonymous_5)
FNF:6
FNH:6
FNDA:2,(anonymous_0)
FNDA:2,(anonymous_1)
FNDA:2,(anonymous_2)
FNDA:2,(anonymous_3)
FNDA:2,(anonymous_4)
FNDA:3,(anonymous_5)
DA:5,1
DA:12,1
DA:13,2
DA:15,2
DA:22,1
DA:29,1
DA:30,2
DA:40,1
DA:41,2
DA:51,1
DA:52,2
DA:63,1
DA:64,2
DA:68,2
DA:69,1
DA:72,1
DA:77,1
DA:85,1
DA:86,3
DA:91,3
DA:92,1
DA:95,2
DA:96,1
DA:99,1
DA:103,1
LF:25
LH:25
BRDA:68,0,0,1
BRDA:68,0,1,1
BRDA:91,1,0,1
BRDA:91,1,1,2
BRDA:95,2,0,1
BRDA:95,2,1,1
BRF:6
BRH:6
end_of_record
TN:
SF:model\semestre.js
FN:14,(anonymous_0)
FN:29,(anonymous_1)
FN:45,(anonymous_2)
FN:61,(anonymous_3)
FN:81,(anonymous_4)
FNF:5
FNH:0
FNDA:0,(anonymous_0)
FNDA:0,(anonymous_1)
FNDA:0,(anonymous_2)
FNDA:0,(anonymous_3)
FNDA:0,(anonymous_4)
DA:5,0
DA:14,0
DA:15,0
DA:22,0
DA:29,0
DA:30,0
DA:45,0
DA:46,0
DA:61,0
DA:62,0
DA:73,0
DA:81,0
DA:82,0
DA:86,0
DA:87,0
DA:90,0
DA:94,0
LF:17
LH:0
BRDA:65,0,0,0
BRDA:65,0,1,0
BRDA:66,1,0,0
BRDA:66,1,1,0
BRDA:67,2,0,0
BRDA:67,2,1,0
BRDA:86,3,0,0
BRDA:86,3,1,0
BRF:8
BRH:0
end_of_record
TN:
SF:model\user.js
FN:19,(anonymous_0)
FN:42,(anonymous_1)
FN:54,(anonymous_2)
FN:73,(anonymous_3)
FN:93,(anonymous_4)
FN:126,(anonymous_5)
FN:156,(anonymous_6)
FNF:7
FNH:5
FNDA:9,(anonymous_0)
FNDA:7,(anonymous_1)
FNDA:2,(anonymous_2)
FNDA:2,(anonymous_3)
FNDA:2,(anonymous_4)
FNDA:0,(anonymous_5)
FNDA:0,(anonymous_6)
DA:5,2
DA:19,2
DA:22,9
DA:25,9
DA:34,4
DA:42,2
DA:44,7
DA:47,7
DA:54,2
DA:55,2
DA:73,2
DA:74,2
DA:93,2
DA:94,2
DA:98,2
DA:99,1
DA:102,1
DA:104,1
DA:117,1
DA:126,2
DA:127,0
DA:131,0
DA:132,0
DA:135,0
DA:148,0
DA:156,2
DA:157,0
DA:161,0
DA:162,0
DA:165,0
DA:169,0
LF:31
LH:21
BRDA:19,0,0,7
BRDA:19,1,0,7
BRDA:19,2,0,7
BRDA:98,3,0,1
BRDA:98,3,1,1
BRDA:131,4,0,0
BRDA:131,4,1,0
BRDA:161,5,0,0
BRDA:161,5,1,0
BRF:9
BRH:5
end_of_record
